<?xml version="1.0" encoding="UTF-8" ?>
<testsuite errors="1" failures="0" hostname="DESKTOP-1A614LF" name="negocio.HorarioTest" skipped="0" tests="1" time="0.0" timestamp="2023-07-08T00:03:37">
  <properties>
    <property name="libs.spring-framework300.classpath" value="C:/Users/ShuKalx/Desktop/INTEGRADOR/WebEnglishHouseIntegrador_AVANCE2/lib/spring-framework300/org-apache-commons-logging.jar;C:/Users/ShuKalx/Desktop/INTEGRADOR/WebEnglishHouseIntegrador_AVANCE2/lib/spring-framework300/cglib-2.2.jar;C:/Users/ShuKalx/Desktop/INTEGRADOR/WebEnglishHouseIntegrador_AVANCE2/lib/spring-framework300/spring-aop-3.2.7.RELEASE.jar;C:/Users/ShuKalx/Desktop/INTEGRADOR/WebEnglishHouseIntegrador_AVANCE2/lib/spring-framework300/spring-aspects-3.2.7.RELEASE.jar;C:/Users/ShuKalx/Desktop/INTEGRADOR/WebEnglishHouseIntegrador_AVANCE2/lib/spring-framework300/spring-beans-3.2.7.RELEASE.jar;C:/Users/ShuKalx/Desktop/INTEGRADOR/WebEnglishHouseIntegrador_AVANCE2/lib/spring-framework300/spring-build-src-3.2.7.RELEASE.jar;C:/Users/ShuKalx/Desktop/INTEGRADOR/WebEnglishHouseIntegrador_AVANCE2/lib/spring-framework300/spring-context-3.2.7.RELEASE.jar;C:/Users/ShuKalx/Desktop/INTEGRADOR/WebEnglishHouseIntegrador_AVANCE2/lib/spring-framework300/spring-context-support-3.2.7.RELEASE.jar;C:/Users/ShuKalx/Desktop/INTEGRADOR/WebEnglishHouseIntegrador_AVANCE2/lib/spring-framework300/spring-core-3.2.7.RELEASE.jar;C:/Users/ShuKalx/Desktop/INTEGRADOR/WebEnglishHouseIntegrador_AVANCE2/lib/spring-framework300/spring-expression-3.2.7.RELEASE.jar;C:/Users/ShuKalx/Desktop/INTEGRADOR/WebEnglishHouseIntegrador_AVANCE2/lib/spring-framework300/spring-framework-bom-3.2.7.RELEASE.jar;C:/Users/ShuKalx/Desktop/INTEGRADOR/WebEnglishHouseIntegrador_AVANCE2/lib/spring-framework300/spring-instrument-3.2.7.RELEASE.jar;C:/Users/ShuKalx/Desktop/INTEGRADOR/WebEnglishHouseIntegrador_AVANCE2/lib/spring-framework300/spring-instrument-tomcat-3.2.7.RELEASE.jar;C:/Users/ShuKalx/Desktop/INTEGRADOR/WebEnglishHouseIntegrador_AVANCE2/lib/spring-framework300/spring-jdbc-3.2.7.RELEASE.jar;C:/Users/ShuKalx/Desktop/INTEGRADOR/WebEnglishHouseIntegrador_AVANCE2/lib/spring-framework300/spring-jms-3.2.7.RELEASE.jar;C:/Users/ShuKalx/Desktop/INTEGRADOR/WebEnglishHouseIntegrador_AVANCE2/lib/spring-framework300/spring-orm-3.2.7.RELEASE.jar;C:/Users/ShuKalx/Desktop/INTEGRADOR/WebEnglishHouseIntegrador_AVANCE2/lib/spring-framework300/spring-oxm-3.2.7.RELEASE.jar;C:/Users/ShuKalx/Desktop/INTEGRADOR/WebEnglishHouseIntegrador_AVANCE2/lib/spring-framework300/spring-struts-3.2.7.RELEASE.jar;C:/Users/ShuKalx/Desktop/INTEGRADOR/WebEnglishHouseIntegrador_AVANCE2/lib/spring-framework300/spring-test-3.2.7.RELEASE.jar;C:/Users/ShuKalx/Desktop/INTEGRADOR/WebEnglishHouseIntegrador_AVANCE2/lib/spring-framework300/spring-tx-3.2.7.RELEASE.jar;C:/Users/ShuKalx/Desktop/INTEGRADOR/WebEnglishHouseIntegrador_AVANCE2/lib/spring-framework300/spring-web-3.2.7.RELEASE.jar;C:/Users/ShuKalx/Desktop/INTEGRADOR/WebEnglishHouseIntegrador_AVANCE2/lib/spring-framework300/spring-webmvc-3.2.7.RELEASE.jar;C:/Users/ShuKalx/Desktop/INTEGRADOR/WebEnglishHouseIntegrador_AVANCE2/lib/spring-framework300/spring-webmvc-portlet-3.2.7.RELEASE.jar" />
    <property name="javac.test.classpath" value="C:/Users/ShuKalx/Desktop/INTEGRADOR/WebEnglishHouseIntegrador_AVANCE2/lib/spring-framework300/org-apache-commons-logging.jar;C:/Users/ShuKalx/Desktop/INTEGRADOR/WebEnglishHouseIntegrador_AVANCE2/lib/spring-framework300/cglib-2.2.jar;C:/Users/ShuKalx/Desktop/INTEGRADOR/WebEnglishHouseIntegrador_AVANCE2/lib/spring-framework300/spring-aop-3.2.7.RELEASE.jar;C:/Users/ShuKalx/Desktop/INTEGRADOR/WebEnglishHouseIntegrador_AVANCE2/lib/spring-framework300/spring-aspects-3.2.7.RELEASE.jar;C:/Users/ShuKalx/Desktop/INTEGRADOR/WebEnglishHouseIntegrador_AVANCE2/lib/spring-framework300/spring-beans-3.2.7.RELEASE.jar;C:/Users/ShuKalx/Desktop/INTEGRADOR/WebEnglishHouseIntegrador_AVANCE2/lib/spring-framework300/spring-build-src-3.2.7.RELEASE.jar;C:/Users/ShuKalx/Desktop/INTEGRADOR/WebEnglishHouseIntegrador_AVANCE2/lib/spring-framework300/spring-context-3.2.7.RELEASE.jar;C:/Users/ShuKalx/Desktop/INTEGRADOR/WebEnglishHouseIntegrador_AVANCE2/lib/spring-framework300/spring-context-support-3.2.7.RELEASE.jar;C:/Users/ShuKalx/Desktop/INTEGRADOR/WebEnglishHouseIntegrador_AVANCE2/lib/spring-framework300/spring-core-3.2.7.RELEASE.jar;C:/Users/ShuKalx/Desktop/INTEGRADOR/WebEnglishHouseIntegrador_AVANCE2/lib/spring-framework300/spring-expression-3.2.7.RELEASE.jar;C:/Users/ShuKalx/Desktop/INTEGRADOR/WebEnglishHouseIntegrador_AVANCE2/lib/spring-framework300/spring-framework-bom-3.2.7.RELEASE.jar;C:/Users/ShuKalx/Desktop/INTEGRADOR/WebEnglishHouseIntegrador_AVANCE2/lib/spring-framework300/spring-instrument-3.2.7.RELEASE.jar;C:/Users/ShuKalx/Desktop/INTEGRADOR/WebEnglishHouseIntegrador_AVANCE2/lib/spring-framework300/spring-instrument-tomcat-3.2.7.RELEASE.jar;C:/Users/ShuKalx/Desktop/INTEGRADOR/WebEnglishHouseIntegrador_AVANCE2/lib/spring-framework300/spring-jdbc-3.2.7.RELEASE.jar;C:/Users/ShuKalx/Desktop/INTEGRADOR/WebEnglishHouseIntegrador_AVANCE2/lib/spring-framework300/spring-jms-3.2.7.RELEASE.jar;C:/Users/ShuKalx/Desktop/INTEGRADOR/WebEnglishHouseIntegrador_AVANCE2/lib/spring-framework300/spring-orm-3.2.7.RELEASE.jar;C:/Users/ShuKalx/Desktop/INTEGRADOR/WebEnglishHouseIntegrador_AVANCE2/lib/spring-framework300/spring-oxm-3.2.7.RELEASE.jar;C:/Users/ShuKalx/Desktop/INTEGRADOR/WebEnglishHouseIntegrador_AVANCE2/lib/spring-framework300/spring-struts-3.2.7.RELEASE.jar;C:/Users/ShuKalx/Desktop/INTEGRADOR/WebEnglishHouseIntegrador_AVANCE2/lib/spring-framework300/spring-test-3.2.7.RELEASE.jar;C:/Users/ShuKalx/Desktop/INTEGRADOR/WebEnglishHouseIntegrador_AVANCE2/lib/spring-framework300/spring-tx-3.2.7.RELEASE.jar;C:/Users/ShuKalx/Desktop/INTEGRADOR/WebEnglishHouseIntegrador_AVANCE2/lib/spring-framework300/spring-web-3.2.7.RELEASE.jar;C:/Users/ShuKalx/Desktop/INTEGRADOR/WebEnglishHouseIntegrador_AVANCE2/lib/spring-framework300/spring-webmvc-3.2.7.RELEASE.jar;C:/Users/ShuKalx/Desktop/INTEGRADOR/WebEnglishHouseIntegrador_AVANCE2/lib/spring-framework300/spring-webmvc-portlet-3.2.7.RELEASE.jar:C:/Users/ShuKalx/Desktop/INTEGRADOR/WebEnglishHouseIntegrador_AVANCE2/lib/struts/antlr-2.7.2.jar;C:/Users/ShuKalx/Desktop/INTEGRADOR/WebEnglishHouseIntegrador_AVANCE2/lib/struts/bsf-2.3.0.jar;C:/Users/ShuKalx/Desktop/INTEGRADOR/WebEnglishHouseIntegrador_AVANCE2/lib/struts/commons-beanutils-1.8.0.jar;C:/Users/ShuKalx/Desktop/INTEGRADOR/WebEnglishHouseIntegrador_AVANCE2/lib/struts/commons-chain-1.2.jar;C:/Users/ShuKalx/Desktop/INTEGRADOR/WebEnglishHouseIntegrador_AVANCE2/lib/struts/commons-digester-1.8.jar;C:/Users/ShuKalx/Desktop/INTEGRADOR/WebEnglishHouseIntegrador_AVANCE2/lib/struts/commons-fileupload-1.1.1.jar;C:/Users/ShuKalx/Desktop/INTEGRADOR/WebEnglishHouseIntegrador_AVANCE2/lib/struts/commons-io-1.1.jar;C:/Users/ShuKalx/Desktop/INTEGRADOR/WebEnglishHouseIntegrador_AVANCE2/lib/struts/commons-logging-1.0.4.jar;C:/Users/ShuKalx/Desktop/INTEGRADOR/WebEnglishHouseIntegrador_AVANCE2/lib/struts/commons-validator-1.3.1.jar;C:/Users/ShuKalx/Desktop/INTEGRADOR/WebEnglishHouseIntegrador_AVANCE2/lib/struts/jstl-1.0.2.jar;C:/Users/ShuKalx/Desktop/INTEGRADOR/WebEnglishHouseIntegrador_AVANCE2/lib/struts/oro-2.0.8.jar;C:/Users/ShuKalx/Desktop/INTEGRADOR/WebEnglishHouseIntegrador_AVANCE2/lib/struts/standard-1.0.6.jar;C:/Users/ShuKalx/Desktop/INTEGRADOR/WebEnglishHouseIntegrador_AVANCE2/lib/struts/struts-core-1.3.10.jar;C:/Users/ShuKalx/Desktop/INTEGRADOR/WebEnglishHouseIntegrador_AVANCE2/lib/struts/struts-el-1.3.10.jar;C:/Users/ShuKalx/Desktop/INTEGRADOR/WebEnglishHouseIntegrador_AVANCE2/lib/struts/struts-extras-1.3.10.jar;C:/Users/ShuKalx/Desktop/INTEGRADOR/WebEnglishHouseIntegrador_AVANCE2/lib/struts/struts-faces-1.3.10.jar;C:/Users/ShuKalx/Desktop/INTEGRADOR/WebEnglishHouseIntegrador_AVANCE2/lib/struts/struts-mailreader-dao-1.3.10.jar;C:/Users/ShuKalx/Desktop/INTEGRADOR/WebEnglishHouseIntegrador_AVANCE2/lib/struts/struts-scripting-1.3.10.jar;C:/Users/ShuKalx/Desktop/INTEGRADOR/WebEnglishHouseIntegrador_AVANCE2/lib/struts/struts-taglib-1.3.10.jar;C:/Users/ShuKalx/Desktop/INTEGRADOR/WebEnglishHouseIntegrador_AVANCE2/lib/struts/struts-tiles-1.3.10.jar:C:/Users/ShuKalx/Desktop/INTEGRADOR/WebEnglishHouseIntegrador_AVANCE2/lib/hibernate4-support/antlr-2.7.7.jar;C:/Users/ShuKalx/Desktop/INTEGRADOR/WebEnglishHouseIntegrador_AVANCE2/lib/hibernate4-support/c3p0-0.9.2.1.jar;C:/Users/ShuKalx/Desktop/INTEGRADOR/WebEnglishHouseIntegrador_AVANCE2/lib/hibernate4-support/hibernate-c3p0-4.3.1.Final.jar;C:/Users/ShuKalx/Desktop/INTEGRADOR/WebEnglishHouseIntegrador_AVANCE2/lib/hibernate4-support/mchange-commons-java-0.2.3.4.jar;C:/Users/ShuKalx/Desktop/INTEGRADOR/WebEnglishHouseIntegrador_AVANCE2/lib/hibernate4-support/dom4j-1.6.1.jar;C:/Users/ShuKalx/Desktop/INTEGRADOR/WebEnglishHouseIntegrador_AVANCE2/lib/hibernate4-support/ehcache-core-2.4.3.jar;C:/Users/ShuKalx/Desktop/INTEGRADOR/WebEnglishHouseIntegrador_AVANCE2/lib/hibernate4-support/hibernate-ehcache-4.3.1.Final.jar;C:/Users/ShuKalx/Desktop/INTEGRADOR/WebEnglishHouseIntegrador_AVANCE2/lib/hibernate4-support/hibernate-core-4.3.1.Final.jar;C:/Users/ShuKalx/Desktop/INTEGRADOR/WebEnglishHouseIntegrador_AVANCE2/lib/hibernate4-support/jboss-logging-3.1.3.GA.jar;C:/Users/ShuKalx/Desktop/INTEGRADOR/WebEnglishHouseIntegrador_AVANCE2/lib/hibernate4-support/hibernate-commons-annotations-4.0.4.Final.jar;C:/Users/ShuKalx/Desktop/INTEGRADOR/WebEnglishHouseIntegrador_AVANCE2/lib/hibernate4-support/hibernate-entitymanager-4.3.1.Final.jar;C:/Users/ShuKalx/Desktop/INTEGRADOR/WebEnglishHouseIntegrador_AVANCE2/lib/hibernate4-support/javassist-3.18.1-GA.jar;C:/Users/ShuKalx/Desktop/INTEGRADOR/WebEnglishHouseIntegrador_AVANCE2/lib/hibernate4-support/jboss-transaction-api_1.2_spec-1.0.0.Final.jar;C:/Users/ShuKalx/Desktop/INTEGRADOR/WebEnglishHouseIntegrador_AVANCE2/lib/hibernate4-support/slf4j-api-1.6.1.jar;C:/Users/ShuKalx/Desktop/INTEGRADOR/WebEnglishHouseIntegrador_AVANCE2/lib/hibernate4-support/slf4j-simple-1.6.1.jar:C:/Users/ShuKalx/Desktop/INTEGRADOR/WebEnglishHouseIntegrador_AVANCE2/lib/jpa2-persistence/hibernate-jpa-2.1-api-1.0.0.Final.jar:lib/derbyclient.jar:lib/derby.jar:lib/derbyclient-10.1.2.1.jar:lib/sqljdbc_12.2.0.0_enu.zip:lib/mysql-connector-java-commercial-5.1.7-bin.jar:build/web/WEB-INF/classes:C:/Users/ShuKalx/Desktop/INTEGRADOR/WebEnglishHouseIntegrador_AVANCE2/lib/junit_4/junit-4.13.2.jar:C:/Users/ShuKalx/Desktop/INTEGRADOR/WebEnglishHouseIntegrador_AVANCE2/lib/junit_5/junit-jupiter-api-5.6.0.jar;C:/Users/ShuKalx/Desktop/INTEGRADOR/WebEnglishHouseIntegrador_AVANCE2/lib/junit_5/junit-jupiter-params-5.6.0.jar;C:/Users/ShuKalx/Desktop/INTEGRADOR/WebEnglishHouseIntegrador_AVANCE2/lib/junit_5/junit-jupiter-engine-5.6.0.jar" />
    <property name="java.specification.version" value="17" />
    <property name="libs.spring-framework500.classpath" value="C:\Program Files\NetBeans-12.5\netbeans\platform\modules\org-apache-commons-logging.jar;C:\Program Files\NetBeans-12.5\netbeans\java\modules\ext\cglib-2.2.jar;C:\Program Files\NetBeans-12.5\netbeans\java\modules\ext\spring-5\spring-aop-5.2.9.RELEASE.jar;C:\Program Files\NetBeans-12.5\netbeans\java\modules\ext\spring-5\spring-aspects-5.2.9.RELEASE.jar;C:\Program Files\NetBeans-12.5\netbeans\java\modules\ext\spring-5\spring-beans-5.2.9.RELEASE.jar;C:\Program Files\NetBeans-12.5\netbeans\java\modules\ext\spring-5\spring-context-5.2.9.RELEASE.jar;C:\Program Files\NetBeans-12.5\netbeans\java\modules\ext\spring-5\spring-context-indexer-5.2.9.RELEASE.jar;C:\Program Files\NetBeans-12.5\netbeans\java\modules\ext\spring-5\spring-context-support-5.2.9.RELEASE.jar;C:\Program Files\NetBeans-12.5\netbeans\java\modules\ext\spring-5\spring-core-5.2.9.RELEASE.jar;C:\Program Files\NetBeans-12.5\netbeans\java\modules\ext\spring-5\spring-expression-5.2.9.RELEASE.jar;C:\Program Files\NetBeans-12.5\netbeans\java\modules\ext\spring-5\spring-instrument-5.2.9.RELEASE.jar;C:\Program Files\NetBeans-12.5\netbeans\java\modules\ext\spring-5\spring-jcl-5.2.9.RELEASE.jar;C:\Program Files\NetBeans-12.5\netbeans\java\modules\ext\spring-5\spring-jdbc-5.2.9.RELEASE.jar;C:\Program Files\NetBeans-12.5\netbeans\java\modules\ext\spring-5\spring-jms-5.2.9.RELEASE.jar;C:\Program Files\NetBeans-12.5\netbeans\java\modules\ext\spring-5\spring-messaging-5.2.9.RELEASE.jar;C:\Program Files\NetBeans-12.5\netbeans\java\modules\ext\spring-5\spring-orm-5.2.9.RELEASE.jar;C:\Program Files\NetBeans-12.5\netbeans\java\modules\ext\spring-5\spring-oxm-5.2.9.RELEASE.jar;C:\Program Files\NetBeans-12.5\netbeans\java\modules\ext\spring-5\spring-test-5.2.9.RELEASE.jar;C:\Program Files\NetBeans-12.5\netbeans\java\modules\ext\spring-5\spring-tx-5.2.9.RELEASE.jar;C:\Program Files\NetBeans-12.5\netbeans\java\modules\ext\spring-5\spring-web-5.2.9.RELEASE.jar;C:\Program Files\NetBeans-12.5\netbeans\java\modules\ext\spring-5\spring-webflux-5.2.9.RELEASE.jar;C:\Program Files\NetBeans-12.5\netbeans\java\modules\ext\spring-5\spring-webmvc-5.2.9.RELEASE.jar;C:\Program Files\NetBeans-12.5\netbeans\java\modules\ext\spring-5\spring-websocket-5.2.9.RELEASE.jar" />
    <property name="j2ee.server.home" value="C:/Users/ShuKalx/Downloads/Archivos Locales/apache-tomcat-9.0.73" />
    <property name="libs.spring-webmvc4.0.javadoc" value="" />
    <property name="libs.spring-framework400.classpath" value="C:\Program Files\NetBeans-12.5\netbeans\platform\modules\org-apache-commons-logging.jar;C:\Program Files\NetBeans-12.5\netbeans\java\modules\ext\cglib-2.2.jar;C:\Program Files\NetBeans-12.5\netbeans\java\modules\ext\spring-4\spring-aop-4.3.29.RELEASE.jar;C:\Program Files\NetBeans-12.5\netbeans\java\modules\ext\spring-4\spring-aspects-4.3.29.RELEASE.jar;C:\Program Files\NetBeans-12.5\netbeans\java\modules\ext\spring-4\spring-beans-4.3.29.RELEASE.jar;C:\Program Files\NetBeans-12.5\netbeans\java\modules\ext\spring-4\spring-context-4.3.29.RELEASE.jar;C:\Program Files\NetBeans-12.5\netbeans\java\modules\ext\spring-4\spring-context-support-4.3.29.RELEASE.jar;C:\Program Files\NetBeans-12.5\netbeans\java\modules\ext\spring-4\spring-core-4.3.29.RELEASE.jar;C:\Program Files\NetBeans-12.5\netbeans\java\modules\ext\spring-4\spring-expression-4.3.29.RELEASE.jar;C:\Program Files\NetBeans-12.5\netbeans\java\modules\ext\spring-4\spring-instrument-4.3.29.RELEASE.jar;C:\Program Files\NetBeans-12.5\netbeans\java\modules\ext\spring-4\spring-instrument-tomcat-4.3.29.RELEASE.jar;C:\Program Files\NetBeans-12.5\netbeans\java\modules\ext\spring-4\spring-jdbc-4.3.29.RELEASE.jar;C:\Program Files\NetBeans-12.5\netbeans\java\modules\ext\spring-4\spring-jms-4.3.29.RELEASE.jar;C:\Program Files\NetBeans-12.5\netbeans\java\modules\ext\spring-4\spring-messaging-4.3.29.RELEASE.jar;C:\Program Files\NetBeans-12.5\netbeans\java\modules\ext\spring-4\spring-orm-4.3.29.RELEASE.jar;C:\Program Files\NetBeans-12.5\netbeans\java\modules\ext\spring-4\spring-oxm-4.3.29.RELEASE.jar;C:\Program Files\NetBeans-12.5\netbeans\java\modules\ext\spring-4\spring-test-4.3.29.RELEASE.jar;C:\Program Files\NetBeans-12.5\netbeans\java\modules\ext\spring-4\spring-tx-4.3.29.RELEASE.jar;C:\Program Files\NetBeans-12.5\netbeans\java\modules\ext\spring-4\spring-web-4.3.29.RELEASE.jar;C:\Program Files\NetBeans-12.5\netbeans\java\modules\ext\spring-4\spring-webmvc-4.3.29.RELEASE.jar;C:\Program Files\NetBeans-12.5\netbeans\java\modules\ext\spring-4\spring-webmvc-portlet-4.3.29.RELEASE.jar;C:\Program Files\NetBeans-12.5\netbeans\java\modules\ext\spring-4\spring-websocket-4.3.29.RELEASE.jar" />
    <property name="test.binaryincludes" value="&lt;nothing&gt;" />
    <property name="jspc.dtds" value="/resources/dtds/" />
    <property name="platforms.Zulu_17.0.6_10.bootclasspath" value="C:\Users\ShuKalx\AppData\Local\Java\zulu17.40.19-ca-jdk17.0.6-win_x64_1\zulu17.40.19-ca-jdk17.0.6-win_x64\!/modules/com.azul.crs.client/;C:\Users\ShuKalx\AppData\Local\Java\zulu17.40.19-ca-jdk17.0.6-win_x64_1\zulu17.40.19-ca-jdk17.0.6-win_x64\!/modules/com.azul.tooling/;C:\Users\ShuKalx\AppData\Local\Java\zulu17.40.19-ca-jdk17.0.6-win_x64_1\zulu17.40.19-ca-jdk17.0.6-win_x64\!/modules/java.base/;C:\Users\ShuKalx\AppData\Local\Java\zulu17.40.19-ca-jdk17.0.6-win_x64_1\zulu17.40.19-ca-jdk17.0.6-win_x64\!/modules/java.compiler/;C:\Users\ShuKalx\AppData\Local\Java\zulu17.40.19-ca-jdk17.0.6-win_x64_1\zulu17.40.19-ca-jdk17.0.6-win_x64\!/modules/java.datatransfer/;C:\Users\ShuKalx\AppData\Local\Java\zulu17.40.19-ca-jdk17.0.6-win_x64_1\zulu17.40.19-ca-jdk17.0.6-win_x64\!/modules/java.desktop/;C:\Users\ShuKalx\AppData\Local\Java\zulu17.40.19-ca-jdk17.0.6-win_x64_1\zulu17.40.19-ca-jdk17.0.6-win_x64\!/modules/java.instrument/;C:\Users\ShuKalx\AppData\Local\Java\zulu17.40.19-ca-jdk17.0.6-win_x64_1\zulu17.40.19-ca-jdk17.0.6-win_x64\!/modules/java.logging/;C:\Users\ShuKalx\AppData\Local\Java\zulu17.40.19-ca-jdk17.0.6-win_x64_1\zulu17.40.19-ca-jdk17.0.6-win_x64\!/modules/java.management/;C:\Users\ShuKalx\AppData\Local\Java\zulu17.40.19-ca-jdk17.0.6-win_x64_1\zulu17.40.19-ca-jdk17.0.6-win_x64\!/modules/java.management.rmi/;C:\Users\ShuKalx\AppData\Local\Java\zulu17.40.19-ca-jdk17.0.6-win_x64_1\zulu17.40.19-ca-jdk17.0.6-win_x64\!/modules/java.naming/;C:\Users\ShuKalx\AppData\Local\Java\zulu17.40.19-ca-jdk17.0.6-win_x64_1\zulu17.40.19-ca-jdk17.0.6-win_x64\!/modules/java.net.http/;C:\Users\ShuKalx\AppData\Local\Java\zulu17.40.19-ca-jdk17.0.6-win_x64_1\zulu17.40.19-ca-jdk17.0.6-win_x64\!/modules/java.prefs/;C:\Users\ShuKalx\AppData\Local\Java\zulu17.40.19-ca-jdk17.0.6-win_x64_1\zulu17.40.19-ca-jdk17.0.6-win_x64\!/modules/java.rmi/;C:\Users\ShuKalx\AppData\Local\Java\zulu17.40.19-ca-jdk17.0.6-win_x64_1\zulu17.40.19-ca-jdk17.0.6-win_x64\!/modules/java.scripting/;C:\Users\ShuKalx\AppData\Local\Java\zulu17.40.19-ca-jdk17.0.6-win_x64_1\zulu17.40.19-ca-jdk17.0.6-win_x64\!/modules/java.se/;C:\Users\ShuKalx\AppData\Local\Java\zulu17.40.19-ca-jdk17.0.6-win_x64_1\zulu17.40.19-ca-jdk17.0.6-win_x64\!/modules/java.security.jgss/;C:\Users\ShuKalx\AppData\Local\Java\zulu17.40.19-ca-jdk17.0.6-win_x64_1\zulu17.40.19-ca-jdk17.0.6-win_x64\!/modules/java.security.sasl/;C:\Users\ShuKalx\AppData\Local\Java\zulu17.40.19-ca-jdk17.0.6-win_x64_1\zulu17.40.19-ca-jdk17.0.6-win_x64\!/modules/java.smartcardio/;C:\Users\ShuKalx\AppData\Local\Java\zulu17.40.19-ca-jdk17.0.6-win_x64_1\zulu17.40.19-ca-jdk17.0.6-win_x64\!/modules/java.sql/;C:\Users\ShuKalx\AppData\Local\Java\zulu17.40.19-ca-jdk17.0.6-win_x64_1\zulu17.40.19-ca-jdk17.0.6-win_x64\!/modules/java.sql.rowset/;C:\Users\ShuKalx\AppData\Local\Java\zulu17.40.19-ca-jdk17.0.6-win_x64_1\zulu17.40.19-ca-jdk17.0.6-win_x64\!/modules/java.transaction.xa/;C:\Users\ShuKalx\AppData\Local\Java\zulu17.40.19-ca-jdk17.0.6-win_x64_1\zulu17.40.19-ca-jdk17.0.6-win_x64\!/modules/java.xml/;C:\Users\ShuKalx\AppData\Local\Java\zulu17.40.19-ca-jdk17.0.6-win_x64_1\zulu17.40.19-ca-jdk17.0.6-win_x64\!/modules/java.xml.crypto/;C:\Users\ShuKalx\AppData\Local\Java\zulu17.40.19-ca-jdk17.0.6-win_x64_1\zulu17.40.19-ca-jdk17.0.6-win_x64\!/modules/jdk.accessibility/;C:\Users\ShuKalx\AppData\Local\Java\zulu17.40.19-ca-jdk17.0.6-win_x64_1\zulu17.40.19-ca-jdk17.0.6-win_x64\!/modules/jdk.attach/;C:\Users\ShuKalx\AppData\Local\Java\zulu17.40.19-ca-jdk17.0.6-win_x64_1\zulu17.40.19-ca-jdk17.0.6-win_x64\!/modules/jdk.charsets/;C:\Users\ShuKalx\AppData\Local\Java\zulu17.40.19-ca-jdk17.0.6-win_x64_1\zulu17.40.19-ca-jdk17.0.6-win_x64\!/modules/jdk.compiler/;C:\Users\ShuKalx\AppData\Local\Java\zulu17.40.19-ca-jdk17.0.6-win_x64_1\zulu17.40.19-ca-jdk17.0.6-win_x64\!/modules/jdk.crypto.cryptoki/;C:\Users\ShuKalx\AppData\Local\Java\zulu17.40.19-ca-jdk17.0.6-win_x64_1\zulu17.40.19-ca-jdk17.0.6-win_x64\!/modules/jdk.crypto.ec/;C:\Users\ShuKalx\AppData\Local\Java\zulu17.40.19-ca-jdk17.0.6-win_x64_1\zulu17.40.19-ca-jdk17.0.6-win_x64\!/modules/jdk.crypto.mscapi/;C:\Users\ShuKalx\AppData\Local\Java\zulu17.40.19-ca-jdk17.0.6-win_x64_1\zulu17.40.19-ca-jdk17.0.6-win_x64\!/modules/jdk.dynalink/;C:\Users\ShuKalx\AppData\Local\Java\zulu17.40.19-ca-jdk17.0.6-win_x64_1\zulu17.40.19-ca-jdk17.0.6-win_x64\!/modules/jdk.editpad/;C:\Users\ShuKalx\AppData\Local\Java\zulu17.40.19-ca-jdk17.0.6-win_x64_1\zulu17.40.19-ca-jdk17.0.6-win_x64\!/modules/jdk.hotspot.agent/;C:\Users\ShuKalx\AppData\Local\Java\zulu17.40.19-ca-jdk17.0.6-win_x64_1\zulu17.40.19-ca-jdk17.0.6-win_x64\!/modules/jdk.httpserver/;C:\Users\ShuKalx\AppData\Local\Java\zulu17.40.19-ca-jdk17.0.6-win_x64_1\zulu17.40.19-ca-jdk17.0.6-win_x64\!/modules/jdk.incubator.foreign/;C:\Users\ShuKalx\AppData\Local\Java\zulu17.40.19-ca-jdk17.0.6-win_x64_1\zulu17.40.19-ca-jdk17.0.6-win_x64\!/modules/jdk.incubator.vector/;C:\Users\ShuKalx\AppData\Local\Java\zulu17.40.19-ca-jdk17.0.6-win_x64_1\zulu17.40.19-ca-jdk17.0.6-win_x64\!/modules/jdk.internal.ed/;C:\Users\ShuKalx\AppData\Local\Java\zulu17.40.19-ca-jdk17.0.6-win_x64_1\zulu17.40.19-ca-jdk17.0.6-win_x64\!/modules/jdk.internal.jvmstat/;C:\Users\ShuKalx\AppData\Local\Java\zulu17.40.19-ca-jdk17.0.6-win_x64_1\zulu17.40.19-ca-jdk17.0.6-win_x64\!/modules/jdk.internal.le/;C:\Users\ShuKalx\AppData\Local\Java\zulu17.40.19-ca-jdk17.0.6-win_x64_1\zulu17.40.19-ca-jdk17.0.6-win_x64\!/modules/jdk.internal.opt/;C:\Users\ShuKalx\AppData\Local\Java\zulu17.40.19-ca-jdk17.0.6-win_x64_1\zulu17.40.19-ca-jdk17.0.6-win_x64\!/modules/jdk.internal.vm.ci/;C:\Users\ShuKalx\AppData\Local\Java\zulu17.40.19-ca-jdk17.0.6-win_x64_1\zulu17.40.19-ca-jdk17.0.6-win_x64\!/modules/jdk.internal.vm.compiler/;C:\Users\ShuKalx\AppData\Local\Java\zulu17.40.19-ca-jdk17.0.6-win_x64_1\zulu17.40.19-ca-jdk17.0.6-win_x64\!/modules/jdk.internal.vm.compiler.management/;C:\Users\ShuKalx\AppData\Local\Java\zulu17.40.19-ca-jdk17.0.6-win_x64_1\zulu17.40.19-ca-jdk17.0.6-win_x64\!/modules/jdk.jartool/;C:\Users\ShuKalx\AppData\Local\Java\zulu17.40.19-ca-jdk17.0.6-win_x64_1\zulu17.40.19-ca-jdk17.0.6-win_x64\!/modules/jdk.javadoc/;C:\Users\ShuKalx\AppData\Local\Java\zulu17.40.19-ca-jdk17.0.6-win_x64_1\zulu17.40.19-ca-jdk17.0.6-win_x64\!/modules/jdk.jcmd/;C:\Users\ShuKalx\AppData\Local\Java\zulu17.40.19-ca-jdk17.0.6-win_x64_1\zulu17.40.19-ca-jdk17.0.6-win_x64\!/modules/jdk.jconsole/;C:\Users\ShuKalx\AppData\Local\Java\zulu17.40.19-ca-jdk17.0.6-win_x64_1\zulu17.40.19-ca-jdk17.0.6-win_x64\!/modules/jdk.jdeps/;C:\Users\ShuKalx\AppData\Local\Java\zulu17.40.19-ca-jdk17.0.6-win_x64_1\zulu17.40.19-ca-jdk17.0.6-win_x64\!/modules/jdk.jdi/;C:\Users\ShuKalx\AppData\Local\Java\zulu17.40.19-ca-jdk17.0.6-win_x64_1\zulu17.40.19-ca-jdk17.0.6-win_x64\!/modules/jdk.jdwp.agent/;C:\Users\ShuKalx\AppData\Local\Java\zulu17.40.19-ca-jdk17.0.6-win_x64_1\zulu17.40.19-ca-jdk17.0.6-win_x64\!/modules/jdk.jfr/;C:\Users\ShuKalx\AppData\Local\Java\zulu17.40.19-ca-jdk17.0.6-win_x64_1\zulu17.40.19-ca-jdk17.0.6-win_x64\!/modules/jdk.jlink/;C:\Users\ShuKalx\AppData\Local\Java\zulu17.40.19-ca-jdk17.0.6-win_x64_1\zulu17.40.19-ca-jdk17.0.6-win_x64\!/modules/jdk.jpackage/;C:\Users\ShuKalx\AppData\Local\Java\zulu17.40.19-ca-jdk17.0.6-win_x64_1\zulu17.40.19-ca-jdk17.0.6-win_x64\!/modules/jdk.jshell/;C:\Users\ShuKalx\AppData\Local\Java\zulu17.40.19-ca-jdk17.0.6-win_x64_1\zulu17.40.19-ca-jdk17.0.6-win_x64\!/modules/jdk.jsobject/;C:\Users\ShuKalx\AppData\Local\Java\zulu17.40.19-ca-jdk17.0.6-win_x64_1\zulu17.40.19-ca-jdk17.0.6-win_x64\!/modules/jdk.jstatd/;C:\Users\ShuKalx\AppData\Local\Java\zulu17.40.19-ca-jdk17.0.6-win_x64_1\zulu17.40.19-ca-jdk17.0.6-win_x64\!/modules/jdk.localedata/;C:\Users\ShuKalx\AppData\Local\Java\zulu17.40.19-ca-jdk17.0.6-win_x64_1\zulu17.40.19-ca-jdk17.0.6-win_x64\!/modules/jdk.management/;C:\Users\ShuKalx\AppData\Local\Java\zulu17.40.19-ca-jdk17.0.6-win_x64_1\zulu17.40.19-ca-jdk17.0.6-win_x64\!/modules/jdk.management.agent/;C:\Users\ShuKalx\AppData\Local\Java\zulu17.40.19-ca-jdk17.0.6-win_x64_1\zulu17.40.19-ca-jdk17.0.6-win_x64\!/modules/jdk.management.jfr/;C:\Users\ShuKalx\AppData\Local\Java\zulu17.40.19-ca-jdk17.0.6-win_x64_1\zulu17.40.19-ca-jdk17.0.6-win_x64\!/modules/jdk.naming.dns/;C:\Users\ShuKalx\AppData\Local\Java\zulu17.40.19-ca-jdk17.0.6-win_x64_1\zulu17.40.19-ca-jdk17.0.6-win_x64\!/modules/jdk.naming.rmi/;C:\Users\ShuKalx\AppData\Local\Java\zulu17.40.19-ca-jdk17.0.6-win_x64_1\zulu17.40.19-ca-jdk17.0.6-win_x64\!/modules/jdk.net/;C:\Users\ShuKalx\AppData\Local\Java\zulu17.40.19-ca-jdk17.0.6-win_x64_1\zulu17.40.19-ca-jdk17.0.6-win_x64\!/modules/jdk.nio.mapmode/;C:\Users\ShuKalx\AppData\Local\Java\zulu17.40.19-ca-jdk17.0.6-win_x64_1\zulu17.40.19-ca-jdk17.0.6-win_x64\!/modules/jdk.random/;C:\Users\ShuKalx\AppData\Local\Java\zulu17.40.19-ca-jdk17.0.6-win_x64_1\zulu17.40.19-ca-jdk17.0.6-win_x64\!/modules/jdk.sctp/;C:\Users\ShuKalx\AppData\Local\Java\zulu17.40.19-ca-jdk17.0.6-win_x64_1\zulu17.40.19-ca-jdk17.0.6-win_x64\!/modules/jdk.security.auth/;C:\Users\ShuKalx\AppData\Local\Java\zulu17.40.19-ca-jdk17.0.6-win_x64_1\zulu17.40.19-ca-jdk17.0.6-win_x64\!/modules/jdk.security.jgss/;C:\Users\ShuKalx\AppData\Local\Java\zulu17.40.19-ca-jdk17.0.6-win_x64_1\zulu17.40.19-ca-jdk17.0.6-win_x64\!/modules/jdk.unsupported/;C:\Users\ShuKalx\AppData\Local\Java\zulu17.40.19-ca-jdk17.0.6-win_x64_1\zulu17.40.19-ca-jdk17.0.6-win_x64\!/modules/jdk.unsupported.desktop/;C:\Users\ShuKalx\AppData\Local\Java\zulu17.40.19-ca-jdk17.0.6-win_x64_1\zulu17.40.19-ca-jdk17.0.6-win_x64\!/modules/jdk.xml.dom/;C:\Users\ShuKalx\AppData\Local\Java\zulu17.40.19-ca-jdk17.0.6-win_x64_1\zulu17.40.19-ca-jdk17.0.6-win_x64\!/modules/jdk.zipfs/" />
    <property name="debug-transport" value="dt_shmem" />
    <property name="libs.javaee-web-api-8.0.src" value="" />
    <property name="j2ee.platform.classpath" value="C:/Users/ShuKalx/Downloads/Archivos Locales/apache-tomcat-9.0.73/lib/annotations-api.jar:C:/Users/ShuKalx/Downloads/Archivos Locales/apache-tomcat-9.0.73/lib/catalina-ant.jar:C:/Users/ShuKalx/Downloads/Archivos Locales/apache-tomcat-9.0.73/lib/catalina-ha.jar:C:/Users/ShuKalx/Downloads/Archivos Locales/apache-tomcat-9.0.73/lib/catalina-ssi.jar:C:/Users/ShuKalx/Downloads/Archivos Locales/apache-tomcat-9.0.73/lib/catalina-storeconfig.jar:C:/Users/ShuKalx/Downloads/Archivos Locales/apache-tomcat-9.0.73/lib/catalina-tribes.jar:C:/Users/ShuKalx/Downloads/Archivos Locales/apache-tomcat-9.0.73/lib/catalina.jar:C:/Users/ShuKalx/Downloads/Archivos Locales/apache-tomcat-9.0.73/lib/ecj-4.20.jar:C:/Users/ShuKalx/Downloads/Archivos Locales/apache-tomcat-9.0.73/lib/el-api.jar:C:/Users/ShuKalx/Downloads/Archivos Locales/apache-tomcat-9.0.73/lib/jasper-el.jar:C:/Users/ShuKalx/Downloads/Archivos Locales/apache-tomcat-9.0.73/lib/jasper.jar:C:/Users/ShuKalx/Downloads/Archivos Locales/apache-tomcat-9.0.73/lib/jaspic-api.jar:C:/Users/ShuKalx/Downloads/Archivos Locales/apache-tomcat-9.0.73/lib/jsp-api.jar:C:/Users/ShuKalx/Downloads/Archivos Locales/apache-tomcat-9.0.73/lib/servlet-api.jar:C:/Users/ShuKalx/Downloads/Archivos Locales/apache-tomcat-9.0.73/lib/tomcat-api.jar:C:/Users/ShuKalx/Downloads/Archivos Locales/apache-tomcat-9.0.73/lib/tomcat-coyote.jar:C:/Users/ShuKalx/Downloads/Archivos Locales/apache-tomcat-9.0.73/lib/tomcat-dbcp.jar:C:/Users/ShuKalx/Downloads/Archivos Locales/apache-tomcat-9.0.73/lib/tomcat-i18n-cs.jar:C:/Users/ShuKalx/Downloads/Archivos Locales/apache-tomcat-9.0.73/lib/tomcat-i18n-de.jar:C:/Users/ShuKalx/Downloads/Archivos Locales/apache-tomcat-9.0.73/lib/tomcat-i18n-es.jar:C:/Users/ShuKalx/Downloads/Archivos Locales/apache-tomcat-9.0.73/lib/tomcat-i18n-fr.jar:C:/Users/ShuKalx/Downloads/Archivos Locales/apache-tomcat-9.0.73/lib/tomcat-i18n-ja.jar:C:/Users/ShuKalx/Downloads/Archivos Locales/apache-tomcat-9.0.73/lib/tomcat-i18n-ko.jar:C:/Users/ShuKalx/Downloads/Archivos Locales/apache-tomcat-9.0.73/lib/tomcat-i18n-pt-BR.jar:C:/Users/ShuKalx/Downloads/Archivos Locales/apache-tomcat-9.0.73/lib/tomcat-i18n-ru.jar:C:/Users/ShuKalx/Downloads/Archivos Locales/apache-tomcat-9.0.73/lib/tomcat-i18n-zh-CN.jar:C:/Users/ShuKalx/Downloads/Archivos Locales/apache-tomcat-9.0.73/lib/tomcat-jdbc.jar:C:/Users/ShuKalx/Downloads/Archivos Locales/apache-tomcat-9.0.73/lib/tomcat-jni.jar:C:/Users/ShuKalx/Downloads/Archivos Locales/apache-tomcat-9.0.73/lib/tomcat-util-scan.jar:C:/Users/ShuKalx/Downloads/Archivos Locales/apache-tomcat-9.0.73/lib/tomcat-util.jar:C:/Users/ShuKalx/Downloads/Archivos Locales/apache-tomcat-9.0.73/lib/tomcat-websocket.jar:C:/Users/ShuKalx/Downloads/Archivos Locales/apache-tomcat-9.0.73/lib/websocket-api.jar" />
    <property name="java.vendor.url" value="https://java.oracle.com/" />
    <property name="libs.jsp-compilation.src" value="" />
    <property name="libs.eclipselink.javadoc" value="C:\Program Files\NetBeans-12.5\netbeans\java\modules\ext\docs\javax.persistence-2.2.1-doc.zip" />
    <property name="libs.JWSAntTasks.javadoc" value="" />
    <property name="do.war.package.with.custom.manifest" value="true" />
    <property name="sun.boot.library.path" value="C:\Program Files\Java\jdk-17\bin" />
    <property name="jdk.debug" value="release" />
    <property name="j2ee.platform.embeddableejb.classpath" value="" />
    <property name="libs.spring-framework300.src" value="" />
    <property name="javadoc.use" value="true" />
    <property name="javadoc.notree" value="false" />
    <property name="file.reference.derby.jar" value="lib/derby.jar" />
    <property name="libs.CopyLibs.displayName" value="CopyLibs Task" />
    <property name="basedir" value="C:\Users\ShuKalx\Desktop\INTEGRADOR\WebEnglishHouseIntegrador_AVANCE2" />
    <property name="forceRedeploy" value="false" />
    <property name="java.specification.name" value="Java Platform API Specification" />
    <property name="java.vm.specification.vendor" value="Oracle Corporation" />
    <property name="libs.jsf20.classpath" value="C:\Program Files\NetBeans-12.5\netbeans\enterprise\modules\ext\jsf-2_2\javax.faces.jar" />
    <property name="j2ee.copy.static.files.on.save" value="true" />
    <property name="netbeans.extbrowser.manual_chrome_plugin_install" value="yes" />
    <property name="libs.javaee-endorsed-api-7.0.displayName" value="Java EE 7 Endorsed API Library" />
    <property name="libs.spring-framework500.javadoc" value="" />
    <property name="netbeans.default_userdir_root" value="C:\Users\ShuKalx\AppData\Roaming\NetBeans" />
    <property name="application.args.param" value="" />
    <property name="libs.jsp-compilation-syscp.src" value="" />
    <property name="jdk.home" value="C:\Program Files\Java\jdk-17" />
    <property name="java.runtime.version" value="17.0.6+9-LTS-190" />
    <property name="libs.eclipselink.maven-pom" value="" />
    <property name="libs.metro.maven-pom" value="" />
    <property name="libs.JAXB-ENDORSED.javadoc" value="" />
    <property name="sun.java2d.noddraw" value="true" />
    <property name="sun.zip.disableMemoryMapping" value="true" />
    <property name="jnidispatch.path" value="C:\Users\ShuKalx\AppData\Local\Temp\jna--558791134\jna9389988247106959642.dll" />
    <property name="libs.primefaces.javadoc" value="" />
    <property name="libs.jsf12.src" value="" />
    <property name="libs.jsp-compilation.javadoc" value="" />
    <property name="libs.groovy-all.maven-pom" value="" />
    <property name="libs.restapi.src" value="" />
    <property name="libs.junit_5.javadoc" value="C:/Users/ShuKalx/Desktop/INTEGRADOR/WebEnglishHouseIntegrador_AVANCE2/lib/junit_5/junit-jupiter-api-5.6.0-javadoc.jar;C:/Users/ShuKalx/Desktop/INTEGRADOR/WebEnglishHouseIntegrador_AVANCE2/lib/junit_5/junit-jupiter-params-5.6.0-javadoc.jar;C:/Users/ShuKalx/Desktop/INTEGRADOR/WebEnglishHouseIntegrador_AVANCE2/lib/junit_5/junit-jupiter-engine-5.6.0-javadoc.jar" />
    <property name="dist.archive.excludes" value="" />
    <property name="java.io.tmpdir" value="C:\Users\ShuKalx\AppData\Local\Temp\" />
    <property name="java.version" value="17.0.6" />
    <property name="libraries.basename" value="nblibraries" />
    <property name="dist.ear.war" value="dist/WebEnglishHouseIntegrado_Avance3.war" />
    <property name="libs.jakartaee-api-8.0.javadoc" value="C:\Program Files\NetBeans-12.5\netbeans\enterprise\docs\jakartaee8-doc-api.jar" />
    <property name="java.vm.specification.name" value="Java Virtual Machine Specification" />
    <property name="lib.dir" value="web/WEB-INF/lib" />
    <property name="native.encoding" value="Cp1252" />
    <property name="java.library.path" value="C:\Program Files\NetBeans-12.5\netbeans\bin;C:\WINDOWS\Sun\Java\bin;C:\WINDOWS\system32;C:\WINDOWS;C:\Program Files\Common Files\Oracle\Java\javapath;C:\Program Files (x86)\Common Files\Oracle\Java\javapath;C:\WINDOWS\system32;C:\WINDOWS;C:\WINDOWS\System32\Wbem;C:\WINDOWS\System32\WindowsPowerShell\v1.0\;C:\WINDOWS\System32\OpenSSH\;C:\Program Files (x86)\Microsoft SQL Server\160\Tools\Binn\;C:\Program Files\Microsoft SQL Server\160\Tools\Binn\;C:\Program Files\Microsoft SQL Server\Client SDK\ODBC\170\Tools\Binn\;C:\Program Files\Microsoft SQL Server\160\DTS\Binn\;C:\Program Files (x86)\Microsoft SQL Server\160\DTS\Binn\;C:\Program Files\Azure Data Studio\bin;C:\Program Files\Git\cmd;C:\xampp\php;C:\ProgramData\ComposerSetup\bin;C:\Program Files\MySQL\MySQL Shell 8.0\bin\;C:\Users\ShuKalx\AppData\Local\Programs\Python\Python311\Scripts\;C:\Users\ShuKalx\AppData\Local\Programs\Python\Python311\;C:\Users\ShuKalx\AppData\Local\Microsoft\WindowsApps;C:\Program Files\Azure Data Studio\bin;C:\Users\ShuKalx\AppData\Local\Programs\Microsoft VS Code\bin;C:\Users\ShuKalx\AppData\Local\GitHubDesktop\bin;C:\Users\ShuKalx\AppData\Local\spicetify;C:\Users\ShuKalx\AppData\Roaming\Composer\vendor\bin;." />
    <property name="libs.hamcrest.src" value="" />
    <property name="java.vendor" value="Oracle Corporation" />
    <property name="libs.groovy-all.src" value="" />
    <property name="libs.testng.javadoc" value="C:\Program Files\NetBeans-12.5\netbeans\platform\docs\testng-6.13.1-javadoc.jar" />
    <property name="libs.testng.maven-pom" value="" />
    <property name="org.openide.version" value="deprecated" />
    <property name="libs.JAVADB_DRIVER_LABEL.src" value="" />
    <property name="libs.jaxb.src" value="" />
    <property name="sun.awt.enableExtraMouseButtons" value="true" />
    <property name="test.src.dir" value="test" />
    <property name="org.openide.major.version" value="IDE/1" />
    <property name="libs.spring-framework300.javadoc" value="" />
    <property name="ap.proc.none.internal" value="" />
    <property name="build.web.excludes" value="**/*.java,**/*.form" />
    <property name="org.openide.specification.version" value="6.2" />
    <property name="user.timezone" value="America/Lima" />
    <property name="libs.struts.displayName" value="Struts 1.3.10" />
    <property name="libs.jpa20-persistence.classpath" value="C:\Program Files\NetBeans-12.5\netbeans\java\modules\ext\eclipselink\javax.persistence-2.2.1.jar" />
    <property name="libs.eclipselinkmodelgen.javadoc" value="" />
    <property name="libs.junit_5.classpath" value="C:/Users/ShuKalx/Desktop/INTEGRADOR/WebEnglishHouseIntegrador_AVANCE2/lib/junit_5/junit-jupiter-api-5.6.0.jar;C:/Users/ShuKalx/Desktop/INTEGRADOR/WebEnglishHouseIntegrador_AVANCE2/lib/junit_5/junit-jupiter-params-5.6.0.jar;C:/Users/ShuKalx/Desktop/INTEGRADOR/WebEnglishHouseIntegrador_AVANCE2/lib/junit_5/junit-jupiter-engine-5.6.0.jar" />
    <property name="java.vm.specification.version" value="17" />
    <property name="javadoc.noindex" value="false" />
    <property name="javadoc.private" value="false" />
    <property name="libs.spring-webmvc4.0.maven-pom" value="" />
    <property name="libs.JAXB-ENDORSED.maven-pom" value="" />
    <property name="user.home" value="C:\Users\ShuKalx" />
    <property name="libs.spring-framework300.prop-maven-dependencies" value="&#xa;                org.springframework:spring-aop:3.2.7.RELEASE:jar&#xa;                org.springframework:spring-aspects:3.2.7.RELEASE:jar&#xa;                org.springframework:spring-beans:3.2.7.RELEASE:jar&#xa;                org.springframework:spring-context:3.2.7.RELEASE:jar&#xa;                org.springframework:spring-context-support:3.2.7.RELEASE:jar&#xa;                org.springframework:spring-core:3.2.7.RELEASE:jar&#xa;                org.springframework:spring-expression:3.2.7.RELEASE:jar&#xa;                org.springframework:spring-framework-bom:3.2.7.RELEASE:jar&#xa;                org.springframework:spring-instrument:3.2.7.RELEASE:jar&#xa;                org.springframework:spring-instrument-tomcat:3.2.7.RELEASE:jar&#xa;                org.springframework:spring-jdbc:3.2.7.RELEASE:jar&#xa;                org.springframework:spring-jms:3.2.7.RELEASE:jar&#xa;                org.springframework:spring-orm:3.2.7.RELEASE:jar&#xa;                org.springframework:spring-oxm:3.2.7.RELEASE:jar&#xa;                org.springframework:spring-struts:3.2.7.RELEASE:jar&#xa;                org.springframework:spring-test:3.2.7.RELEASE:jar&#xa;                org.springframework:spring-tx:3.2.7.RELEASE:jar&#xa;                org.springframework:spring-web:3.2.7.RELEASE:jar&#xa;                org.springframework:spring-webmvc:3.2.7.RELEASE:jar&#xa;                org.springframework:spring-webmvc-portlet:3.2.7.RELEASE:jar&#xa;            " />
    <property name="libs.eclipselinkmodelgen.maven-pom" value="" />
    <property name="have.sources" value="true" />
    <property name="annotation.processing.processors.list" value="" />
    <property name="javac.deprecation" value="false" />
    <property name="libs.junit_4.prop-maven-dependencies" value="junit:junit:4.13.2:jar" />
    <property name="libs.junit_4.displayName" value="JUnit 4.13.2" />
    <property name="build.generated.sources.dir" value="build/generated-sources" />
    <property name="plugin.manager.check.updates" value="false" />
    <property name="netbeans.autoupdate.language" value="es" />
    <property name="libs.jpa2-persistence.prop-maven-dependencies" value="org.hibernate.javax.persistence:hibernate-jpa-2.1-api:1.0.0.Final:jar" />
    <property name="libs.eclipselinkmodelgen.src" value="" />
    <property name="build.compiler.emacs" value="true" />
    <property name="build.classes.excludes" value="**/*.java,**/*.form" />
    <property name="libs.jakartaee-web-api-9.0.classpath" value="C:\Program Files\NetBeans-12.5\netbeans\enterprise\modules\ext\jakarta.jakartaee-web-api-9.0.0.jar" />
    <property name="libs.spring-webmvc4.0.classpath" value="C:\Program Files\NetBeans-12.5\netbeans\java\modules\ext\spring-4\spring-webmvc-4.3.29.RELEASE.jar" />
    <property name="libs.javaee-endorsed-api-7.0.javadoc" value="C:/Users/ShuKalx/Desktop/INTEGRADOR/WebEnglishHouseIntegrador_AVANCE2/lib/javaee-endorsed-api-7.0/javaee-doc-api.jar" />
    <property name="os.version" value="10.0" />
    <property name="netbeans.home" value="C:\Program Files\NetBeans-12.5\netbeans\platform" />
    <property name="libs.CopyLibs.javadoc" value="" />
    <property name="debug-transport-by-os" value="dt_shmem" />
    <property name="libs.jsf20.src" value="" />
    <property name="libs.javaee-api-8.0.javadoc" value="C:\Program Files\NetBeans-12.5\netbeans\enterprise\docs\javaee-doc-api.jar" />
    <property name="java.vm.name" value="Java HotSpot(TM) 64-Bit Server VM" />
    <property name="libs.jstl.javadoc" value="C:\Program Files\NetBeans-12.5\netbeans\enterprise\docs\javaee-doc-api.jar" />
    <property name="libs.javaee-endorsed-api-7.0.maven-pom" value="" />
    <property name="libs.jaxws21.classpath" value="C:\Program Files\NetBeans-12.5\netbeans\ide\modules\ext\jaxb\jaxb-impl.jar;C:\Program Files\NetBeans-12.5\netbeans\ide\modules\ext\jaxb\jaxb-xjc.jar;C:\Program Files\NetBeans-12.5\netbeans\java\modules\ext\jaxws22\FastInfoset.jar;C:\Program Files\NetBeans-12.5\netbeans\java\modules\ext\jaxws22\gmbal-api-only.jar;C:\Program Files\NetBeans-12.5\netbeans\java\modules\ext\jaxws22\ha-api.jar;C:\Program Files\NetBeans-12.5\netbeans\java\modules\ext\jaxws22\javax.mail_1.4.jar;C:\Program Files\NetBeans-12.5\netbeans\java\modules\ext\jaxws22\jaxws-rt.jar;C:\Program Files\NetBeans-12.5\netbeans\java\modules\ext\jaxws22\jaxws-tools.jar;C:\Program Files\NetBeans-12.5\netbeans\java\modules\ext\jaxws22\management-api.jar;C:\Program Files\NetBeans-12.5\netbeans\java\modules\ext\jaxws22\mimepull.jar;C:\Program Files\NetBeans-12.5\netbeans\java\modules\ext\jaxws22\policy.jar;C:\Program Files\NetBeans-12.5\netbeans\java\modules\ext\jaxws22\saaj-impl.jar;C:\Program Files\NetBeans-12.5\netbeans\java\modules\ext\jaxws22\stax-ex.jar;C:\Program Files\NetBeans-12.5\netbeans\java\modules\ext\jaxws22\stax2-api.jar;C:\Program Files\NetBeans-12.5\netbeans\java\modules\ext\jaxws22\streambuffer.jar;C:\Program Files\NetBeans-12.5\netbeans\java\modules\ext\jaxws22\woodstox-core-asl.jar;C:\Program Files\NetBeans-12.5\netbeans\java\modules\ext\jaxws22\api\jaxws-api.jar;C:\Program Files\NetBeans-12.5\netbeans\java\modules\ext\jaxws22\api\jsr181-api.jar;C:\Program Files\NetBeans-12.5\netbeans\java\modules\ext\jaxws22\api\javax.annotation.jar;C:\Program Files\NetBeans-12.5\netbeans\java\modules\ext\jaxws22\api\saaj-api.jar;C:\Program Files\NetBeans-12.5\netbeans\ide\modules\ext\jaxb\activation.jar;C:\Program Files\NetBeans-12.5\netbeans\ide\modules\ext\jaxb\api\jaxb-api.jar" />
    <property name="libs.restapi.classpath" value="C:\Program Files\NetBeans-12.5\netbeans\enterprise\modules\ext\jaxrs-2.1\jakarta.ws.rs-api-2.1.6.jar" />
    <property name="os.arch" value="amd64" />
    <property name="build.generated.dir" value="build/generated" />
    <property name="libs.groovy-all.javadoc" value="" />
    <property name="libs.jakartaee-api-8.0.classpath" value="C:\Program Files\NetBeans-12.5\netbeans\enterprise\modules\ext\jakarta.jakartaee-api-8.0.0.jar" />
    <property name="libs.javaee-web-api-7.0.javadoc" value="C:\Program Files\NetBeans-12.5\netbeans\enterprise\docs\javaee-doc-api.jar" />
    <property name="libs.javaee-endorsed-api-6.0.src" value="" />
    <property name="libs.jsf12.maven-pom" value="" />
    <property name="libs.javaee-endorsed-api-7.0.classpath" value="C:/Users/ShuKalx/Desktop/INTEGRADOR/WebEnglishHouseIntegrador_AVANCE2/lib/javaee-endorsed-api-7.0/javax.annotation-api.jar;C:/Users/ShuKalx/Desktop/INTEGRADOR/WebEnglishHouseIntegrador_AVANCE2/lib/javaee-endorsed-api-7.0/javax.xml.soap-api.jar;C:/Users/ShuKalx/Desktop/INTEGRADOR/WebEnglishHouseIntegrador_AVANCE2/lib/javaee-endorsed-api-7.0/jaxb-api-osgi.jar;C:/Users/ShuKalx/Desktop/INTEGRADOR/WebEnglishHouseIntegrador_AVANCE2/lib/javaee-endorsed-api-7.0/jaxws-api.jar;C:/Users/ShuKalx/Desktop/INTEGRADOR/WebEnglishHouseIntegrador_AVANCE2/lib/javaee-endorsed-api-7.0/jsr181-api.jar" />
    <property name="org.netbeans.io.suspend" value="0" />
    <property name="libs.primefaces.maven-pom" value="" />
    <property name="libs.ConnectorJ.classpath" value="C:\Users\ShuKalx\Desktop\mysql-connector-j-8.0.32-javadoc.jar" />
    <property name="ant.project.name" value="WebEnglishHouseIntegrado_Avance3" />
    <property name="dist.javadoc.dir" value="dist/javadoc" />
    <property name="platforms.Zulu_11.0.18_10.bootclasspath" value="C:\Users\ShuKalx\AppData\Local\Java\zulu11.62.17-ca-jdk11.0.18-win_x64\zulu11.62.17-ca-jdk11.0.18-win_x64\!/modules/com.azul.crs.client/;C:\Users\ShuKalx\AppData\Local\Java\zulu11.62.17-ca-jdk11.0.18-win_x64\zulu11.62.17-ca-jdk11.0.18-win_x64\!/modules/com.azul.tooling/;C:\Users\ShuKalx\AppData\Local\Java\zulu11.62.17-ca-jdk11.0.18-win_x64\zulu11.62.17-ca-jdk11.0.18-win_x64\!/modules/java.base/;C:\Users\ShuKalx\AppData\Local\Java\zulu11.62.17-ca-jdk11.0.18-win_x64\zulu11.62.17-ca-jdk11.0.18-win_x64\!/modules/java.compiler/;C:\Users\ShuKalx\AppData\Local\Java\zulu11.62.17-ca-jdk11.0.18-win_x64\zulu11.62.17-ca-jdk11.0.18-win_x64\!/modules/java.datatransfer/;C:\Users\ShuKalx\AppData\Local\Java\zulu11.62.17-ca-jdk11.0.18-win_x64\zulu11.62.17-ca-jdk11.0.18-win_x64\!/modules/java.desktop/;C:\Users\ShuKalx\AppData\Local\Java\zulu11.62.17-ca-jdk11.0.18-win_x64\zulu11.62.17-ca-jdk11.0.18-win_x64\!/modules/java.instrument/;C:\Users\ShuKalx\AppData\Local\Java\zulu11.62.17-ca-jdk11.0.18-win_x64\zulu11.62.17-ca-jdk11.0.18-win_x64\!/modules/java.logging/;C:\Users\ShuKalx\AppData\Local\Java\zulu11.62.17-ca-jdk11.0.18-win_x64\zulu11.62.17-ca-jdk11.0.18-win_x64\!/modules/java.management/;C:\Users\ShuKalx\AppData\Local\Java\zulu11.62.17-ca-jdk11.0.18-win_x64\zulu11.62.17-ca-jdk11.0.18-win_x64\!/modules/java.management.rmi/;C:\Users\ShuKalx\AppData\Local\Java\zulu11.62.17-ca-jdk11.0.18-win_x64\zulu11.62.17-ca-jdk11.0.18-win_x64\!/modules/java.naming/;C:\Users\ShuKalx\AppData\Local\Java\zulu11.62.17-ca-jdk11.0.18-win_x64\zulu11.62.17-ca-jdk11.0.18-win_x64\!/modules/java.net.http/;C:\Users\ShuKalx\AppData\Local\Java\zulu11.62.17-ca-jdk11.0.18-win_x64\zulu11.62.17-ca-jdk11.0.18-win_x64\!/modules/java.prefs/;C:\Users\ShuKalx\AppData\Local\Java\zulu11.62.17-ca-jdk11.0.18-win_x64\zulu11.62.17-ca-jdk11.0.18-win_x64\!/modules/java.rmi/;C:\Users\ShuKalx\AppData\Local\Java\zulu11.62.17-ca-jdk11.0.18-win_x64\zulu11.62.17-ca-jdk11.0.18-win_x64\!/modules/java.scripting/;C:\Users\ShuKalx\AppData\Local\Java\zulu11.62.17-ca-jdk11.0.18-win_x64\zulu11.62.17-ca-jdk11.0.18-win_x64\!/modules/java.se/;C:\Users\ShuKalx\AppData\Local\Java\zulu11.62.17-ca-jdk11.0.18-win_x64\zulu11.62.17-ca-jdk11.0.18-win_x64\!/modules/java.security.jgss/;C:\Users\ShuKalx\AppData\Local\Java\zulu11.62.17-ca-jdk11.0.18-win_x64\zulu11.62.17-ca-jdk11.0.18-win_x64\!/modules/java.security.sasl/;C:\Users\ShuKalx\AppData\Local\Java\zulu11.62.17-ca-jdk11.0.18-win_x64\zulu11.62.17-ca-jdk11.0.18-win_x64\!/modules/java.smartcardio/;C:\Users\ShuKalx\AppData\Local\Java\zulu11.62.17-ca-jdk11.0.18-win_x64\zulu11.62.17-ca-jdk11.0.18-win_x64\!/modules/java.sql/;C:\Users\ShuKalx\AppData\Local\Java\zulu11.62.17-ca-jdk11.0.18-win_x64\zulu11.62.17-ca-jdk11.0.18-win_x64\!/modules/java.sql.rowset/;C:\Users\ShuKalx\AppData\Local\Java\zulu11.62.17-ca-jdk11.0.18-win_x64\zulu11.62.17-ca-jdk11.0.18-win_x64\!/modules/java.transaction.xa/;C:\Users\ShuKalx\AppData\Local\Java\zulu11.62.17-ca-jdk11.0.18-win_x64\zulu11.62.17-ca-jdk11.0.18-win_x64\!/modules/java.xml/;C:\Users\ShuKalx\AppData\Local\Java\zulu11.62.17-ca-jdk11.0.18-win_x64\zulu11.62.17-ca-jdk11.0.18-win_x64\!/modules/java.xml.crypto/;C:\Users\ShuKalx\AppData\Local\Java\zulu11.62.17-ca-jdk11.0.18-win_x64\zulu11.62.17-ca-jdk11.0.18-win_x64\!/modules/jdk.accessibility/;C:\Users\ShuKalx\AppData\Local\Java\zulu11.62.17-ca-jdk11.0.18-win_x64\zulu11.62.17-ca-jdk11.0.18-win_x64\!/modules/jdk.aot/;C:\Users\ShuKalx\AppData\Local\Java\zulu11.62.17-ca-jdk11.0.18-win_x64\zulu11.62.17-ca-jdk11.0.18-win_x64\!/modules/jdk.attach/;C:\Users\ShuKalx\AppData\Local\Java\zulu11.62.17-ca-jdk11.0.18-win_x64\zulu11.62.17-ca-jdk11.0.18-win_x64\!/modules/jdk.charsets/;C:\Users\ShuKalx\AppData\Local\Java\zulu11.62.17-ca-jdk11.0.18-win_x64\zulu11.62.17-ca-jdk11.0.18-win_x64\!/modules/jdk.compiler/;C:\Users\ShuKalx\AppData\Local\Java\zulu11.62.17-ca-jdk11.0.18-win_x64\zulu11.62.17-ca-jdk11.0.18-win_x64\!/modules/jdk.crypto.cryptoki/;C:\Users\ShuKalx\AppData\Local\Java\zulu11.62.17-ca-jdk11.0.18-win_x64\zulu11.62.17-ca-jdk11.0.18-win_x64\!/modules/jdk.crypto.ec/;C:\Users\ShuKalx\AppData\Local\Java\zulu11.62.17-ca-jdk11.0.18-win_x64\zulu11.62.17-ca-jdk11.0.18-win_x64\!/modules/jdk.crypto.mscapi/;C:\Users\ShuKalx\AppData\Local\Java\zulu11.62.17-ca-jdk11.0.18-win_x64\zulu11.62.17-ca-jdk11.0.18-win_x64\!/modules/jdk.dynalink/;C:\Users\ShuKalx\AppData\Local\Java\zulu11.62.17-ca-jdk11.0.18-win_x64\zulu11.62.17-ca-jdk11.0.18-win_x64\!/modules/jdk.editpad/;C:\Users\ShuKalx\AppData\Local\Java\zulu11.62.17-ca-jdk11.0.18-win_x64\zulu11.62.17-ca-jdk11.0.18-win_x64\!/modules/jdk.hotspot.agent/;C:\Users\ShuKalx\AppData\Local\Java\zulu11.62.17-ca-jdk11.0.18-win_x64\zulu11.62.17-ca-jdk11.0.18-win_x64\!/modules/jdk.httpserver/;C:\Users\ShuKalx\AppData\Local\Java\zulu11.62.17-ca-jdk11.0.18-win_x64\zulu11.62.17-ca-jdk11.0.18-win_x64\!/modules/jdk.internal.ed/;C:\Users\ShuKalx\AppData\Local\Java\zulu11.62.17-ca-jdk11.0.18-win_x64\zulu11.62.17-ca-jdk11.0.18-win_x64\!/modules/jdk.internal.jvmstat/;C:\Users\ShuKalx\AppData\Local\Java\zulu11.62.17-ca-jdk11.0.18-win_x64\zulu11.62.17-ca-jdk11.0.18-win_x64\!/modules/jdk.internal.le/;C:\Users\ShuKalx\AppData\Local\Java\zulu11.62.17-ca-jdk11.0.18-win_x64\zulu11.62.17-ca-jdk11.0.18-win_x64\!/modules/jdk.internal.opt/;C:\Users\ShuKalx\AppData\Local\Java\zulu11.62.17-ca-jdk11.0.18-win_x64\zulu11.62.17-ca-jdk11.0.18-win_x64\!/modules/jdk.internal.vm.ci/;C:\Users\ShuKalx\AppData\Local\Java\zulu11.62.17-ca-jdk11.0.18-win_x64\zulu11.62.17-ca-jdk11.0.18-win_x64\!/modules/jdk.internal.vm.compiler/;C:\Users\ShuKalx\AppData\Local\Java\zulu11.62.17-ca-jdk11.0.18-win_x64\zulu11.62.17-ca-jdk11.0.18-win_x64\!/modules/jdk.internal.vm.compiler.management/;C:\Users\ShuKalx\AppData\Local\Java\zulu11.62.17-ca-jdk11.0.18-win_x64\zulu11.62.17-ca-jdk11.0.18-win_x64\!/modules/jdk.jartool/;C:\Users\ShuKalx\AppData\Local\Java\zulu11.62.17-ca-jdk11.0.18-win_x64\zulu11.62.17-ca-jdk11.0.18-win_x64\!/modules/jdk.javadoc/;C:\Users\ShuKalx\AppData\Local\Java\zulu11.62.17-ca-jdk11.0.18-win_x64\zulu11.62.17-ca-jdk11.0.18-win_x64\!/modules/jdk.jcmd/;C:\Users\ShuKalx\AppData\Local\Java\zulu11.62.17-ca-jdk11.0.18-win_x64\zulu11.62.17-ca-jdk11.0.18-win_x64\!/modules/jdk.jconsole/;C:\Users\ShuKalx\AppData\Local\Java\zulu11.62.17-ca-jdk11.0.18-win_x64\zulu11.62.17-ca-jdk11.0.18-win_x64\!/modules/jdk.jdeps/;C:\Users\ShuKalx\AppData\Local\Java\zulu11.62.17-ca-jdk11.0.18-win_x64\zulu11.62.17-ca-jdk11.0.18-win_x64\!/modules/jdk.jdi/;C:\Users\ShuKalx\AppData\Local\Java\zulu11.62.17-ca-jdk11.0.18-win_x64\zulu11.62.17-ca-jdk11.0.18-win_x64\!/modules/jdk.jdwp.agent/;C:\Users\ShuKalx\AppData\Local\Java\zulu11.62.17-ca-jdk11.0.18-win_x64\zulu11.62.17-ca-jdk11.0.18-win_x64\!/modules/jdk.jfr/;C:\Users\ShuKalx\AppData\Local\Java\zulu11.62.17-ca-jdk11.0.18-win_x64\zulu11.62.17-ca-jdk11.0.18-win_x64\!/modules/jdk.jlink/;C:\Users\ShuKalx\AppData\Local\Java\zulu11.62.17-ca-jdk11.0.18-win_x64\zulu11.62.17-ca-jdk11.0.18-win_x64\!/modules/jdk.jshell/;C:\Users\ShuKalx\AppData\Local\Java\zulu11.62.17-ca-jdk11.0.18-win_x64\zulu11.62.17-ca-jdk11.0.18-win_x64\!/modules/jdk.jsobject/;C:\Users\ShuKalx\AppData\Local\Java\zulu11.62.17-ca-jdk11.0.18-win_x64\zulu11.62.17-ca-jdk11.0.18-win_x64\!/modules/jdk.jstatd/;C:\Users\ShuKalx\AppData\Local\Java\zulu11.62.17-ca-jdk11.0.18-win_x64\zulu11.62.17-ca-jdk11.0.18-win_x64\!/modules/jdk.localedata/;C:\Users\ShuKalx\AppData\Local\Java\zulu11.62.17-ca-jdk11.0.18-win_x64\zulu11.62.17-ca-jdk11.0.18-win_x64\!/modules/jdk.management/;C:\Users\ShuKalx\AppData\Local\Java\zulu11.62.17-ca-jdk11.0.18-win_x64\zulu11.62.17-ca-jdk11.0.18-win_x64\!/modules/jdk.management.agent/;C:\Users\ShuKalx\AppData\Local\Java\zulu11.62.17-ca-jdk11.0.18-win_x64\zulu11.62.17-ca-jdk11.0.18-win_x64\!/modules/jdk.management.jfr/;C:\Users\ShuKalx\AppData\Local\Java\zulu11.62.17-ca-jdk11.0.18-win_x64\zulu11.62.17-ca-jdk11.0.18-win_x64\!/modules/jdk.naming.dns/;C:\Users\ShuKalx\AppData\Local\Java\zulu11.62.17-ca-jdk11.0.18-win_x64\zulu11.62.17-ca-jdk11.0.18-win_x64\!/modules/jdk.naming.ldap/;C:\Users\ShuKalx\AppData\Local\Java\zulu11.62.17-ca-jdk11.0.18-win_x64\zulu11.62.17-ca-jdk11.0.18-win_x64\!/modules/jdk.naming.rmi/;C:\Users\ShuKalx\AppData\Local\Java\zulu11.62.17-ca-jdk11.0.18-win_x64\zulu11.62.17-ca-jdk11.0.18-win_x64\!/modules/jdk.net/;C:\Users\ShuKalx\AppData\Local\Java\zulu11.62.17-ca-jdk11.0.18-win_x64\zulu11.62.17-ca-jdk11.0.18-win_x64\!/modules/jdk.pack/;C:\Users\ShuKalx\AppData\Local\Java\zulu11.62.17-ca-jdk11.0.18-win_x64\zulu11.62.17-ca-jdk11.0.18-win_x64\!/modules/jdk.rmic/;C:\Users\ShuKalx\AppData\Local\Java\zulu11.62.17-ca-jdk11.0.18-win_x64\zulu11.62.17-ca-jdk11.0.18-win_x64\!/modules/jdk.scripting.nashorn/;C:\Users\ShuKalx\AppData\Local\Java\zulu11.62.17-ca-jdk11.0.18-win_x64\zulu11.62.17-ca-jdk11.0.18-win_x64\!/modules/jdk.scripting.nashorn.shell/;C:\Users\ShuKalx\AppData\Local\Java\zulu11.62.17-ca-jdk11.0.18-win_x64\zulu11.62.17-ca-jdk11.0.18-win_x64\!/modules/jdk.sctp/;C:\Users\ShuKalx\AppData\Local\Java\zulu11.62.17-ca-jdk11.0.18-win_x64\zulu11.62.17-ca-jdk11.0.18-win_x64\!/modules/jdk.security.auth/;C:\Users\ShuKalx\AppData\Local\Java\zulu11.62.17-ca-jdk11.0.18-win_x64\zulu11.62.17-ca-jdk11.0.18-win_x64\!/modules/jdk.security.jgss/;C:\Users\ShuKalx\AppData\Local\Java\zulu11.62.17-ca-jdk11.0.18-win_x64\zulu11.62.17-ca-jdk11.0.18-win_x64\!/modules/jdk.unsupported/;C:\Users\ShuKalx\AppData\Local\Java\zulu11.62.17-ca-jdk11.0.18-win_x64\zulu11.62.17-ca-jdk11.0.18-win_x64\!/modules/jdk.unsupported.desktop/;C:\Users\ShuKalx\AppData\Local\Java\zulu11.62.17-ca-jdk11.0.18-win_x64\zulu11.62.17-ca-jdk11.0.18-win_x64\!/modules/jdk.xml.dom/;C:\Users\ShuKalx\AppData\Local\Java\zulu11.62.17-ca-jdk11.0.18-win_x64\zulu11.62.17-ca-jdk11.0.18-win_x64\!/modules/jdk.zipfs/" />
    <property name="default.javac.target" value="17" />
    <property name="javac.fork" value="false" />
    <property name="libs.eclipselink.classpath" value="C:\Program Files\NetBeans-12.5\netbeans\java\modules\ext\eclipselink\org.eclipse.persistence.core-2.7.7.jar;C:\Program Files\NetBeans-12.5\netbeans\java\modules\ext\eclipselink\org.eclipse.persistence.asm-2.7.7.jar;C:\Program Files\NetBeans-12.5\netbeans\java\modules\ext\eclipselink\org.eclipse.persistence.antlr-2.7.7.jar;C:\Program Files\NetBeans-12.5\netbeans\java\modules\ext\eclipselink\org.eclipse.persistence.jpa-2.7.7.jar;C:\Program Files\NetBeans-12.5\netbeans\java\modules\ext\eclipselink\org.eclipse.persistence.jpa.jpql-2.7.7.jar;C:\Program Files\NetBeans-12.5\netbeans\java\modules\ext\eclipselink\org.eclipse.persistence.moxy-2.7.7.jar;C:\Program Files\NetBeans-12.5\netbeans\java\modules\ext\eclipselink\javax.persistence-2.2.1.jar" />
    <property name="libs.Comet-GlassFish-v3.classpath" value="" />
    <property name="selected.browser" value="Chrome" />
    <property name="libs.Comet-GlassFish-v3.javadoc" value="" />
    <property name="libs.jpa2-persistence.displayName" value="Persistence JPA2.1" />
    <property name="libs.EclipseLink-GlassFish-v3.src" value="" />
    <property name="libs.struts.classpath" value="C:/Users/ShuKalx/Desktop/INTEGRADOR/WebEnglishHouseIntegrador_AVANCE2/lib/struts/antlr-2.7.2.jar;C:/Users/ShuKalx/Desktop/INTEGRADOR/WebEnglishHouseIntegrador_AVANCE2/lib/struts/bsf-2.3.0.jar;C:/Users/ShuKalx/Desktop/INTEGRADOR/WebEnglishHouseIntegrador_AVANCE2/lib/struts/commons-beanutils-1.8.0.jar;C:/Users/ShuKalx/Desktop/INTEGRADOR/WebEnglishHouseIntegrador_AVANCE2/lib/struts/commons-chain-1.2.jar;C:/Users/ShuKalx/Desktop/INTEGRADOR/WebEnglishHouseIntegrador_AVANCE2/lib/struts/commons-digester-1.8.jar;C:/Users/ShuKalx/Desktop/INTEGRADOR/WebEnglishHouseIntegrador_AVANCE2/lib/struts/commons-fileupload-1.1.1.jar;C:/Users/ShuKalx/Desktop/INTEGRADOR/WebEnglishHouseIntegrador_AVANCE2/lib/struts/commons-io-1.1.jar;C:/Users/ShuKalx/Desktop/INTEGRADOR/WebEnglishHouseIntegrador_AVANCE2/lib/struts/commons-logging-1.0.4.jar;C:/Users/ShuKalx/Desktop/INTEGRADOR/WebEnglishHouseIntegrador_AVANCE2/lib/struts/commons-validator-1.3.1.jar;C:/Users/ShuKalx/Desktop/INTEGRADOR/WebEnglishHouseIntegrador_AVANCE2/lib/struts/jstl-1.0.2.jar;C:/Users/ShuKalx/Desktop/INTEGRADOR/WebEnglishHouseIntegrador_AVANCE2/lib/struts/oro-2.0.8.jar;C:/Users/ShuKalx/Desktop/INTEGRADOR/WebEnglishHouseIntegrador_AVANCE2/lib/struts/standard-1.0.6.jar;C:/Users/ShuKalx/Desktop/INTEGRADOR/WebEnglishHouseIntegrador_AVANCE2/lib/struts/struts-core-1.3.10.jar;C:/Users/ShuKalx/Desktop/INTEGRADOR/WebEnglishHouseIntegrador_AVANCE2/lib/struts/struts-el-1.3.10.jar;C:/Users/ShuKalx/Desktop/INTEGRADOR/WebEnglishHouseIntegrador_AVANCE2/lib/struts/struts-extras-1.3.10.jar;C:/Users/ShuKalx/Desktop/INTEGRADOR/WebEnglishHouseIntegrador_AVANCE2/lib/struts/struts-faces-1.3.10.jar;C:/Users/ShuKalx/Desktop/INTEGRADOR/WebEnglishHouseIntegrador_AVANCE2/lib/struts/struts-mailreader-dao-1.3.10.jar;C:/Users/ShuKalx/Desktop/INTEGRADOR/WebEnglishHouseIntegrador_AVANCE2/lib/struts/struts-scripting-1.3.10.jar;C:/Users/ShuKalx/Desktop/INTEGRADOR/WebEnglishHouseIntegrador_AVANCE2/lib/struts/struts-taglib-1.3.10.jar;C:/Users/ShuKalx/Desktop/INTEGRADOR/WebEnglishHouseIntegrador_AVANCE2/lib/struts/struts-tiles-1.3.10.jar" />
    <property name="libs.PostgreSQLDriver.maven-pom" value="" />
    <property name="libs.absolutelayout.src" value="" />
    <property name="testng.mode" value="testng" />
    <property name="j2ee.server.instance" value="tomcat90:home=C:\Users\ShuKalx\Downloads\Archivos Locales\apache-tomcat-9.0.73" />
    <property name="annotation.processing.enabled.in.editor" value="true" />
    <property name="java.vm.compressedOopsMode" value="Zero based" />
    <property name="j2ee.compile.on.save" value="true" />
    <property name="netbeans.productversion" value="Apache NetBeans IDE 12.5" />
    <property name="libs.javaee-web-api-6.0.javadoc" value="C:\Program Files\NetBeans-12.5\netbeans\enterprise\docs\javaee-doc-api.jar" />
    <property name="libs.javaee-api-7.0.maven-pom" value="" />
    <property name="libs.groovy-all.classpath" value="C:\Program Files\NetBeans-12.5\netbeans\groovy\modules\ext\groovy-3.0.8.jar;C:\Program Files\NetBeans-12.5\netbeans\groovy\modules\ext\groovy-ant-3.0.8.jar" />
    <property name="ant.file.WebEnglishHouseIntegrado_Avance3" value="C:\Users\ShuKalx\Desktop\INTEGRADOR\WebEnglishHouseIntegrador_AVANCE2\build.xml" />
    <property name="libs.absolutelayout.javadoc" value="" />
    <property name="libs.Java-EE-GlassFish-v3-Prelude.javadoc" value="C:\Program Files\NetBeans-12.5\netbeans\enterprise\docs\javaee-doc-api.jar" />
    <property name="libs.Java-EE-GlassFish-v3-Prelude.maven-pom" value="" />
    <property name="libs.jaxb.maven-pom" value="" />
    <property name="libs.javaee-api-6.0.maven-pom" value="" />
    <property name="dist.dir" value="dist" />
    <property name="build.dir" value="build" />
    <property name="libs.graaljs.maven-pom" value="" />
    <property name="netbeans.autoupdate.variant" value="" />
    <property name="javadoc.version" value="false" />
    <property name="libs.metro.src" value="" />
    <property name="libs.metro.classpath" value="C:\Program Files\NetBeans-12.5\netbeans\ide\modules\ext\jaxb\activation.jar;C:\Program Files\NetBeans-12.5\netbeans\enterprise\modules\ext\metro\webservices-api.jar;C:\Program Files\NetBeans-12.5\netbeans\enterprise\modules\ext\metro\webservices-extra-api.jar;C:\Program Files\NetBeans-12.5\netbeans\enterprise\modules\ext\metro\webservices-extra.jar;C:\Program Files\NetBeans-12.5\netbeans\enterprise\modules\ext\metro\webservices-rt.jar;C:\Program Files\NetBeans-12.5\netbeans\enterprise\modules\ext\metro\webservices-tools.jar" />
    <property name="libs.CopyLibs.classpath" value="C:/Users/ShuKalx/Desktop/INTEGRADOR/WebEnglishHouseIntegrador_AVANCE2/lib/CopyLibs/org-netbeans-modules-java-j2seproject-copylibstask.jar" />
    <property name="sun.os.patch.level" value="" />
    <property name="deploy.ant.properties.file" value="C:\Users\ShuKalx\AppData\Roaming\NetBeans\12.5\tomcat90.properties" />
    <property name="javac.test.processorpath" value="C:/Users/ShuKalx/Desktop/INTEGRADOR/WebEnglishHouseIntegrador_AVANCE2/lib/spring-framework300/org-apache-commons-logging.jar;C:/Users/ShuKalx/Desktop/INTEGRADOR/WebEnglishHouseIntegrador_AVANCE2/lib/spring-framework300/cglib-2.2.jar;C:/Users/ShuKalx/Desktop/INTEGRADOR/WebEnglishHouseIntegrador_AVANCE2/lib/spring-framework300/spring-aop-3.2.7.RELEASE.jar;C:/Users/ShuKalx/Desktop/INTEGRADOR/WebEnglishHouseIntegrador_AVANCE2/lib/spring-framework300/spring-aspects-3.2.7.RELEASE.jar;C:/Users/ShuKalx/Desktop/INTEGRADOR/WebEnglishHouseIntegrador_AVANCE2/lib/spring-framework300/spring-beans-3.2.7.RELEASE.jar;C:/Users/ShuKalx/Desktop/INTEGRADOR/WebEnglishHouseIntegrador_AVANCE2/lib/spring-framework300/spring-build-src-3.2.7.RELEASE.jar;C:/Users/ShuKalx/Desktop/INTEGRADOR/WebEnglishHouseIntegrador_AVANCE2/lib/spring-framework300/spring-context-3.2.7.RELEASE.jar;C:/Users/ShuKalx/Desktop/INTEGRADOR/WebEnglishHouseIntegrador_AVANCE2/lib/spring-framework300/spring-context-support-3.2.7.RELEASE.jar;C:/Users/ShuKalx/Desktop/INTEGRADOR/WebEnglishHouseIntegrador_AVANCE2/lib/spring-framework300/spring-core-3.2.7.RELEASE.jar;C:/Users/ShuKalx/Desktop/INTEGRADOR/WebEnglishHouseIntegrador_AVANCE2/lib/spring-framework300/spring-expression-3.2.7.RELEASE.jar;C:/Users/ShuKalx/Desktop/INTEGRADOR/WebEnglishHouseIntegrador_AVANCE2/lib/spring-framework300/spring-framework-bom-3.2.7.RELEASE.jar;C:/Users/ShuKalx/Desktop/INTEGRADOR/WebEnglishHouseIntegrador_AVANCE2/lib/spring-framework300/spring-instrument-3.2.7.RELEASE.jar;C:/Users/ShuKalx/Desktop/INTEGRADOR/WebEnglishHouseIntegrador_AVANCE2/lib/spring-framework300/spring-instrument-tomcat-3.2.7.RELEASE.jar;C:/Users/ShuKalx/Desktop/INTEGRADOR/WebEnglishHouseIntegrador_AVANCE2/lib/spring-framework300/spring-jdbc-3.2.7.RELEASE.jar;C:/Users/ShuKalx/Desktop/INTEGRADOR/WebEnglishHouseIntegrador_AVANCE2/lib/spring-framework300/spring-jms-3.2.7.RELEASE.jar;C:/Users/ShuKalx/Desktop/INTEGRADOR/WebEnglishHouseIntegrador_AVANCE2/lib/spring-framework300/spring-orm-3.2.7.RELEASE.jar;C:/Users/ShuKalx/Desktop/INTEGRADOR/WebEnglishHouseIntegrador_AVANCE2/lib/spring-framework300/spring-oxm-3.2.7.RELEASE.jar;C:/Users/ShuKalx/Desktop/INTEGRADOR/WebEnglishHouseIntegrador_AVANCE2/lib/spring-framework300/spring-struts-3.2.7.RELEASE.jar;C:/Users/ShuKalx/Desktop/INTEGRADOR/WebEnglishHouseIntegrador_AVANCE2/lib/spring-framework300/spring-test-3.2.7.RELEASE.jar;C:/Users/ShuKalx/Desktop/INTEGRADOR/WebEnglishHouseIntegrador_AVANCE2/lib/spring-framework300/spring-tx-3.2.7.RELEASE.jar;C:/Users/ShuKalx/Desktop/INTEGRADOR/WebEnglishHouseIntegrador_AVANCE2/lib/spring-framework300/spring-web-3.2.7.RELEASE.jar;C:/Users/ShuKalx/Desktop/INTEGRADOR/WebEnglishHouseIntegrador_AVANCE2/lib/spring-framework300/spring-webmvc-3.2.7.RELEASE.jar;C:/Users/ShuKalx/Desktop/INTEGRADOR/WebEnglishHouseIntegrador_AVANCE2/lib/spring-framework300/spring-webmvc-portlet-3.2.7.RELEASE.jar:C:/Users/ShuKalx/Desktop/INTEGRADOR/WebEnglishHouseIntegrador_AVANCE2/lib/struts/antlr-2.7.2.jar;C:/Users/ShuKalx/Desktop/INTEGRADOR/WebEnglishHouseIntegrador_AVANCE2/lib/struts/bsf-2.3.0.jar;C:/Users/ShuKalx/Desktop/INTEGRADOR/WebEnglishHouseIntegrador_AVANCE2/lib/struts/commons-beanutils-1.8.0.jar;C:/Users/ShuKalx/Desktop/INTEGRADOR/WebEnglishHouseIntegrador_AVANCE2/lib/struts/commons-chain-1.2.jar;C:/Users/ShuKalx/Desktop/INTEGRADOR/WebEnglishHouseIntegrador_AVANCE2/lib/struts/commons-digester-1.8.jar;C:/Users/ShuKalx/Desktop/INTEGRADOR/WebEnglishHouseIntegrador_AVANCE2/lib/struts/commons-fileupload-1.1.1.jar;C:/Users/ShuKalx/Desktop/INTEGRADOR/WebEnglishHouseIntegrador_AVANCE2/lib/struts/commons-io-1.1.jar;C:/Users/ShuKalx/Desktop/INTEGRADOR/WebEnglishHouseIntegrador_AVANCE2/lib/struts/commons-logging-1.0.4.jar;C:/Users/ShuKalx/Desktop/INTEGRADOR/WebEnglishHouseIntegrador_AVANCE2/lib/struts/commons-validator-1.3.1.jar;C:/Users/ShuKalx/Desktop/INTEGRADOR/WebEnglishHouseIntegrador_AVANCE2/lib/struts/jstl-1.0.2.jar;C:/Users/ShuKalx/Desktop/INTEGRADOR/WebEnglishHouseIntegrador_AVANCE2/lib/struts/oro-2.0.8.jar;C:/Users/ShuKalx/Desktop/INTEGRADOR/WebEnglishHouseIntegrador_AVANCE2/lib/struts/standard-1.0.6.jar;C:/Users/ShuKalx/Desktop/INTEGRADOR/WebEnglishHouseIntegrador_AVANCE2/lib/struts/struts-core-1.3.10.jar;C:/Users/ShuKalx/Desktop/INTEGRADOR/WebEnglishHouseIntegrador_AVANCE2/lib/struts/struts-el-1.3.10.jar;C:/Users/ShuKalx/Desktop/INTEGRADOR/WebEnglishHouseIntegrador_AVANCE2/lib/struts/struts-extras-1.3.10.jar;C:/Users/ShuKalx/Desktop/INTEGRADOR/WebEnglishHouseIntegrador_AVANCE2/lib/struts/struts-faces-1.3.10.jar;C:/Users/ShuKalx/Desktop/INTEGRADOR/WebEnglishHouseIntegrador_AVANCE2/lib/struts/struts-mailreader-dao-1.3.10.jar;C:/Users/ShuKalx/Desktop/INTEGRADOR/WebEnglishHouseIntegrador_AVANCE2/lib/struts/struts-scripting-1.3.10.jar;C:/Users/ShuKalx/Desktop/INTEGRADOR/WebEnglishHouseIntegrador_AVANCE2/lib/struts/struts-taglib-1.3.10.jar;C:/Users/ShuKalx/Desktop/INTEGRADOR/WebEnglishHouseIntegrador_AVANCE2/lib/struts/struts-tiles-1.3.10.jar:C:/Users/ShuKalx/Desktop/INTEGRADOR/WebEnglishHouseIntegrador_AVANCE2/lib/hibernate4-support/antlr-2.7.7.jar;C:/Users/ShuKalx/Desktop/INTEGRADOR/WebEnglishHouseIntegrador_AVANCE2/lib/hibernate4-support/c3p0-0.9.2.1.jar;C:/Users/ShuKalx/Desktop/INTEGRADOR/WebEnglishHouseIntegrador_AVANCE2/lib/hibernate4-support/hibernate-c3p0-4.3.1.Final.jar;C:/Users/ShuKalx/Desktop/INTEGRADOR/WebEnglishHouseIntegrador_AVANCE2/lib/hibernate4-support/mchange-commons-java-0.2.3.4.jar;C:/Users/ShuKalx/Desktop/INTEGRADOR/WebEnglishHouseIntegrador_AVANCE2/lib/hibernate4-support/dom4j-1.6.1.jar;C:/Users/ShuKalx/Desktop/INTEGRADOR/WebEnglishHouseIntegrador_AVANCE2/lib/hibernate4-support/ehcache-core-2.4.3.jar;C:/Users/ShuKalx/Desktop/INTEGRADOR/WebEnglishHouseIntegrador_AVANCE2/lib/hibernate4-support/hibernate-ehcache-4.3.1.Final.jar;C:/Users/ShuKalx/Desktop/INTEGRADOR/WebEnglishHouseIntegrador_AVANCE2/lib/hibernate4-support/hibernate-core-4.3.1.Final.jar;C:/Users/ShuKalx/Desktop/INTEGRADOR/WebEnglishHouseIntegrador_AVANCE2/lib/hibernate4-support/jboss-logging-3.1.3.GA.jar;C:/Users/ShuKalx/Desktop/INTEGRADOR/WebEnglishHouseIntegrador_AVANCE2/lib/hibernate4-support/hibernate-commons-annotations-4.0.4.Final.jar;C:/Users/ShuKalx/Desktop/INTEGRADOR/WebEnglishHouseIntegrador_AVANCE2/lib/hibernate4-support/hibernate-entitymanager-4.3.1.Final.jar;C:/Users/ShuKalx/Desktop/INTEGRADOR/WebEnglishHouseIntegrador_AVANCE2/lib/hibernate4-support/javassist-3.18.1-GA.jar;C:/Users/ShuKalx/Desktop/INTEGRADOR/WebEnglishHouseIntegrador_AVANCE2/lib/hibernate4-support/jboss-transaction-api_1.2_spec-1.0.0.Final.jar;C:/Users/ShuKalx/Desktop/INTEGRADOR/WebEnglishHouseIntegrador_AVANCE2/lib/hibernate4-support/slf4j-api-1.6.1.jar;C:/Users/ShuKalx/Desktop/INTEGRADOR/WebEnglishHouseIntegrador_AVANCE2/lib/hibernate4-support/slf4j-simple-1.6.1.jar:C:/Users/ShuKalx/Desktop/INTEGRADOR/WebEnglishHouseIntegrador_AVANCE2/lib/jpa2-persistence/hibernate-jpa-2.1-api-1.0.0.Final.jar:lib/derbyclient.jar:lib/derby.jar:lib/derbyclient-10.1.2.1.jar:lib/sqljdbc_12.2.0.0_enu.zip:lib/mysql-connector-java-commercial-5.1.7-bin.jar:build/web/WEB-INF/classes:C:/Users/ShuKalx/Desktop/INTEGRADOR/WebEnglishHouseIntegrador_AVANCE2/lib/junit_4/junit-4.13.2.jar:C:/Users/ShuKalx/Desktop/INTEGRADOR/WebEnglishHouseIntegrador_AVANCE2/lib/junit_5/junit-jupiter-api-5.6.0.jar;C:/Users/ShuKalx/Desktop/INTEGRADOR/WebEnglishHouseIntegrador_AVANCE2/lib/junit_5/junit-jupiter-params-5.6.0.jar;C:/Users/ShuKalx/Desktop/INTEGRADOR/WebEnglishHouseIntegrador_AVANCE2/lib/junit_5/junit-jupiter-engine-5.6.0.jar" />
    <property name="libs.javaee-web-api-7.0.maven-pom" value="" />
    <property name="libs.javaee-web-api-8.0.maven-pom" value="" />
    <property name="netbeans.dirs" value="C:\Program Files\NetBeans-12.5\netbeans\nb;C:\Program Files\NetBeans-12.5\netbeans\ergonomics;C:\Program Files\NetBeans-12.5\netbeans\ide;C:\Program Files\NetBeans-12.5\netbeans\extide;C:\Program Files\NetBeans-12.5\netbeans\java;C:\Program Files\NetBeans-12.5\netbeans\apisupport;C:\Program Files\NetBeans-12.5\netbeans\webcommon;C:\Program Files\NetBeans-12.5\netbeans\websvccommon;C:\Program Files\NetBeans-12.5\netbeans\enterprise;C:\Program Files\NetBeans-12.5\netbeans\mobility;C:\Program Files\NetBeans-12.5\netbeans\profiler;C:\Program Files\NetBeans-12.5\netbeans\python;C:\Program Files\NetBeans-12.5\netbeans\php;C:\Program Files\NetBeans-12.5\netbeans\identity;C:\Program Files\NetBeans-12.5\netbeans\harness;C:\Program Files\NetBeans-12.5\netbeans\cnd;C:\Program Files\NetBeans-12.5\netbeans\cndext;C:\Program Files\NetBeans-12.5\netbeans\cpplite;C:\Program Files\NetBeans-12.5\netbeans\dlight;C:\Program Files\NetBeans-12.5\netbeans\groovy;C:\Program Files\NetBeans-12.5\netbeans\extra;C:\Program Files\NetBeans-12.5\netbeans\javacard;C:\Program Files\NetBeans-12.5\netbeans\javafx" />
    <property name="libs.JAVADB_DRIVER_LABEL.javadoc" value="" />
    <property name="tests.failed" value="true" />
    <property name="libraries.dir.nativedirsep" value="C:\Users\ShuKalx\Desktop\INTEGRADOR\WebEnglishHouseIntegrador_AVANCE2\lib" />
    <property name="libs.hamcrest.maven-pom" value="" />
    <property name="javac.processorpath" value="C:/Users/ShuKalx/Desktop/INTEGRADOR/WebEnglishHouseIntegrador_AVANCE2/lib/spring-framework300/org-apache-commons-logging.jar;C:/Users/ShuKalx/Desktop/INTEGRADOR/WebEnglishHouseIntegrador_AVANCE2/lib/spring-framework300/cglib-2.2.jar;C:/Users/ShuKalx/Desktop/INTEGRADOR/WebEnglishHouseIntegrador_AVANCE2/lib/spring-framework300/spring-aop-3.2.7.RELEASE.jar;C:/Users/ShuKalx/Desktop/INTEGRADOR/WebEnglishHouseIntegrador_AVANCE2/lib/spring-framework300/spring-aspects-3.2.7.RELEASE.jar;C:/Users/ShuKalx/Desktop/INTEGRADOR/WebEnglishHouseIntegrador_AVANCE2/lib/spring-framework300/spring-beans-3.2.7.RELEASE.jar;C:/Users/ShuKalx/Desktop/INTEGRADOR/WebEnglishHouseIntegrador_AVANCE2/lib/spring-framework300/spring-build-src-3.2.7.RELEASE.jar;C:/Users/ShuKalx/Desktop/INTEGRADOR/WebEnglishHouseIntegrador_AVANCE2/lib/spring-framework300/spring-context-3.2.7.RELEASE.jar;C:/Users/ShuKalx/Desktop/INTEGRADOR/WebEnglishHouseIntegrador_AVANCE2/lib/spring-framework300/spring-context-support-3.2.7.RELEASE.jar;C:/Users/ShuKalx/Desktop/INTEGRADOR/WebEnglishHouseIntegrador_AVANCE2/lib/spring-framework300/spring-core-3.2.7.RELEASE.jar;C:/Users/ShuKalx/Desktop/INTEGRADOR/WebEnglishHouseIntegrador_AVANCE2/lib/spring-framework300/spring-expression-3.2.7.RELEASE.jar;C:/Users/ShuKalx/Desktop/INTEGRADOR/WebEnglishHouseIntegrador_AVANCE2/lib/spring-framework300/spring-framework-bom-3.2.7.RELEASE.jar;C:/Users/ShuKalx/Desktop/INTEGRADOR/WebEnglishHouseIntegrador_AVANCE2/lib/spring-framework300/spring-instrument-3.2.7.RELEASE.jar;C:/Users/ShuKalx/Desktop/INTEGRADOR/WebEnglishHouseIntegrador_AVANCE2/lib/spring-framework300/spring-instrument-tomcat-3.2.7.RELEASE.jar;C:/Users/ShuKalx/Desktop/INTEGRADOR/WebEnglishHouseIntegrador_AVANCE2/lib/spring-framework300/spring-jdbc-3.2.7.RELEASE.jar;C:/Users/ShuKalx/Desktop/INTEGRADOR/WebEnglishHouseIntegrador_AVANCE2/lib/spring-framework300/spring-jms-3.2.7.RELEASE.jar;C:/Users/ShuKalx/Desktop/INTEGRADOR/WebEnglishHouseIntegrador_AVANCE2/lib/spring-framework300/spring-orm-3.2.7.RELEASE.jar;C:/Users/ShuKalx/Desktop/INTEGRADOR/WebEnglishHouseIntegrador_AVANCE2/lib/spring-framework300/spring-oxm-3.2.7.RELEASE.jar;C:/Users/ShuKalx/Desktop/INTEGRADOR/WebEnglishHouseIntegrador_AVANCE2/lib/spring-framework300/spring-struts-3.2.7.RELEASE.jar;C:/Users/ShuKalx/Desktop/INTEGRADOR/WebEnglishHouseIntegrador_AVANCE2/lib/spring-framework300/spring-test-3.2.7.RELEASE.jar;C:/Users/ShuKalx/Desktop/INTEGRADOR/WebEnglishHouseIntegrador_AVANCE2/lib/spring-framework300/spring-tx-3.2.7.RELEASE.jar;C:/Users/ShuKalx/Desktop/INTEGRADOR/WebEnglishHouseIntegrador_AVANCE2/lib/spring-framework300/spring-web-3.2.7.RELEASE.jar;C:/Users/ShuKalx/Desktop/INTEGRADOR/WebEnglishHouseIntegrador_AVANCE2/lib/spring-framework300/spring-webmvc-3.2.7.RELEASE.jar;C:/Users/ShuKalx/Desktop/INTEGRADOR/WebEnglishHouseIntegrador_AVANCE2/lib/spring-framework300/spring-webmvc-portlet-3.2.7.RELEASE.jar:C:/Users/ShuKalx/Desktop/INTEGRADOR/WebEnglishHouseIntegrador_AVANCE2/lib/struts/antlr-2.7.2.jar;C:/Users/ShuKalx/Desktop/INTEGRADOR/WebEnglishHouseIntegrador_AVANCE2/lib/struts/bsf-2.3.0.jar;C:/Users/ShuKalx/Desktop/INTEGRADOR/WebEnglishHouseIntegrador_AVANCE2/lib/struts/commons-beanutils-1.8.0.jar;C:/Users/ShuKalx/Desktop/INTEGRADOR/WebEnglishHouseIntegrador_AVANCE2/lib/struts/commons-chain-1.2.jar;C:/Users/ShuKalx/Desktop/INTEGRADOR/WebEnglishHouseIntegrador_AVANCE2/lib/struts/commons-digester-1.8.jar;C:/Users/ShuKalx/Desktop/INTEGRADOR/WebEnglishHouseIntegrador_AVANCE2/lib/struts/commons-fileupload-1.1.1.jar;C:/Users/ShuKalx/Desktop/INTEGRADOR/WebEnglishHouseIntegrador_AVANCE2/lib/struts/commons-io-1.1.jar;C:/Users/ShuKalx/Desktop/INTEGRADOR/WebEnglishHouseIntegrador_AVANCE2/lib/struts/commons-logging-1.0.4.jar;C:/Users/ShuKalx/Desktop/INTEGRADOR/WebEnglishHouseIntegrador_AVANCE2/lib/struts/commons-validator-1.3.1.jar;C:/Users/ShuKalx/Desktop/INTEGRADOR/WebEnglishHouseIntegrador_AVANCE2/lib/struts/jstl-1.0.2.jar;C:/Users/ShuKalx/Desktop/INTEGRADOR/WebEnglishHouseIntegrador_AVANCE2/lib/struts/oro-2.0.8.jar;C:/Users/ShuKalx/Desktop/INTEGRADOR/WebEnglishHouseIntegrador_AVANCE2/lib/struts/standard-1.0.6.jar;C:/Users/ShuKalx/Desktop/INTEGRADOR/WebEnglishHouseIntegrador_AVANCE2/lib/struts/struts-core-1.3.10.jar;C:/Users/ShuKalx/Desktop/INTEGRADOR/WebEnglishHouseIntegrador_AVANCE2/lib/struts/struts-el-1.3.10.jar;C:/Users/ShuKalx/Desktop/INTEGRADOR/WebEnglishHouseIntegrador_AVANCE2/lib/struts/struts-extras-1.3.10.jar;C:/Users/ShuKalx/Desktop/INTEGRADOR/WebEnglishHouseIntegrador_AVANCE2/lib/struts/struts-faces-1.3.10.jar;C:/Users/ShuKalx/Desktop/INTEGRADOR/WebEnglishHouseIntegrador_AVANCE2/lib/struts/struts-mailreader-dao-1.3.10.jar;C:/Users/ShuKalx/Desktop/INTEGRADOR/WebEnglishHouseIntegrador_AVANCE2/lib/struts/struts-scripting-1.3.10.jar;C:/Users/ShuKalx/Desktop/INTEGRADOR/WebEnglishHouseIntegrador_AVANCE2/lib/struts/struts-taglib-1.3.10.jar;C:/Users/ShuKalx/Desktop/INTEGRADOR/WebEnglishHouseIntegrador_AVANCE2/lib/struts/struts-tiles-1.3.10.jar:C:/Users/ShuKalx/Desktop/INTEGRADOR/WebEnglishHouseIntegrador_AVANCE2/lib/hibernate4-support/antlr-2.7.7.jar;C:/Users/ShuKalx/Desktop/INTEGRADOR/WebEnglishHouseIntegrador_AVANCE2/lib/hibernate4-support/c3p0-0.9.2.1.jar;C:/Users/ShuKalx/Desktop/INTEGRADOR/WebEnglishHouseIntegrador_AVANCE2/lib/hibernate4-support/hibernate-c3p0-4.3.1.Final.jar;C:/Users/ShuKalx/Desktop/INTEGRADOR/WebEnglishHouseIntegrador_AVANCE2/lib/hibernate4-support/mchange-commons-java-0.2.3.4.jar;C:/Users/ShuKalx/Desktop/INTEGRADOR/WebEnglishHouseIntegrador_AVANCE2/lib/hibernate4-support/dom4j-1.6.1.jar;C:/Users/ShuKalx/Desktop/INTEGRADOR/WebEnglishHouseIntegrador_AVANCE2/lib/hibernate4-support/ehcache-core-2.4.3.jar;C:/Users/ShuKalx/Desktop/INTEGRADOR/WebEnglishHouseIntegrador_AVANCE2/lib/hibernate4-support/hibernate-ehcache-4.3.1.Final.jar;C:/Users/ShuKalx/Desktop/INTEGRADOR/WebEnglishHouseIntegrador_AVANCE2/lib/hibernate4-support/hibernate-core-4.3.1.Final.jar;C:/Users/ShuKalx/Desktop/INTEGRADOR/WebEnglishHouseIntegrador_AVANCE2/lib/hibernate4-support/jboss-logging-3.1.3.GA.jar;C:/Users/ShuKalx/Desktop/INTEGRADOR/WebEnglishHouseIntegrador_AVANCE2/lib/hibernate4-support/hibernate-commons-annotations-4.0.4.Final.jar;C:/Users/ShuKalx/Desktop/INTEGRADOR/WebEnglishHouseIntegrador_AVANCE2/lib/hibernate4-support/hibernate-entitymanager-4.3.1.Final.jar;C:/Users/ShuKalx/Desktop/INTEGRADOR/WebEnglishHouseIntegrador_AVANCE2/lib/hibernate4-support/javassist-3.18.1-GA.jar;C:/Users/ShuKalx/Desktop/INTEGRADOR/WebEnglishHouseIntegrador_AVANCE2/lib/hibernate4-support/jboss-transaction-api_1.2_spec-1.0.0.Final.jar;C:/Users/ShuKalx/Desktop/INTEGRADOR/WebEnglishHouseIntegrador_AVANCE2/lib/hibernate4-support/slf4j-api-1.6.1.jar;C:/Users/ShuKalx/Desktop/INTEGRADOR/WebEnglishHouseIntegrador_AVANCE2/lib/hibernate4-support/slf4j-simple-1.6.1.jar:C:/Users/ShuKalx/Desktop/INTEGRADOR/WebEnglishHouseIntegrador_AVANCE2/lib/jpa2-persistence/hibernate-jpa-2.1-api-1.0.0.Final.jar:lib/derbyclient.jar:lib/derby.jar:lib/derbyclient-10.1.2.1.jar:lib/sqljdbc_12.2.0.0_enu.zip:lib/mysql-connector-java-commercial-5.1.7-bin.jar" />
    <property name="file.reference.sqljdbc_12.2.0.0_enu.zip" value="lib/sqljdbc_12.2.0.0_enu.zip" />
    <property name="libs.javaee-api-6.0.javadoc" value="C:\Program Files\NetBeans-12.5\netbeans\enterprise\docs\javaee-doc-api.jar" />
    <property name="libs.JWSAntTasks.maven-pom" value="" />
    <property name="file.reference.derbyclient-10.1.2.1.jar" value="lib/derbyclient-10.1.2.1.jar" />
    <property name="apple.laf.useScreenMenuBar" value="true" />
    <property name="user.country" value="PE" />
    <property name="jspc.schemas" value="/resources/schemas/" />
    <property name="libs.jakartaee-api-9.0.maven-pom" value="" />
    <property name="libs.restapi.javadoc" value="" />
    <property name="libs.jpa20-persistence.src" value="" />
    <property name="display.browser" value="true" />
    <property name="platforms.Zulu_11.0.18_10.compiler" value="modern" />
    <property name="endorsed.classpath" value="C:/Users/ShuKalx/Desktop/INTEGRADOR/WebEnglishHouseIntegrador_AVANCE2/lib/javaee-endorsed-api-7.0/javax.annotation-api.jar;C:/Users/ShuKalx/Desktop/INTEGRADOR/WebEnglishHouseIntegrador_AVANCE2/lib/javaee-endorsed-api-7.0/javax.xml.soap-api.jar;C:/Users/ShuKalx/Desktop/INTEGRADOR/WebEnglishHouseIntegrador_AVANCE2/lib/javaee-endorsed-api-7.0/jaxb-api-osgi.jar;C:/Users/ShuKalx/Desktop/INTEGRADOR/WebEnglishHouseIntegrador_AVANCE2/lib/javaee-endorsed-api-7.0/jaxws-api.jar;C:/Users/ShuKalx/Desktop/INTEGRADOR/WebEnglishHouseIntegrador_AVANCE2/lib/javaee-endorsed-api-7.0/jsr181-api.jar" />
    <property name="libs.spring-webmvc3.0.maven-pom" value="" />
    <property name="do.debug.server" value="true" />
    <property name="includes" value="**" />
    <property name="platforms.Zulu_11.0.18_10.home" value="C:\Users\ShuKalx\AppData\Local\Java\zulu11.62.17-ca-jdk11.0.18-win_x64\zulu11.62.17-ca-jdk11.0.18-win_x64" />
    <property name="do.display.browser" value="true" />
    <property name="libs.jsf12.javadoc" value="C:\Program Files\NetBeans-12.5\netbeans\enterprise\docs\javaee-doc-api.jar" />
    <property name="libs.hamcrest.classpath" value="C:\Program Files\NetBeans-12.5\netbeans\platform\modules\ext\hamcrest-core-1.3.jar" />
    <property name="javadoc.splitindex" value="true" />
    <property name="libs.JWSAntTasks.classpath" value="C:\Program Files\NetBeans-12.5\netbeans\java\ant\extra\org-netbeans-modules-javawebstart-anttasks.jar" />
    <property name="libs.junit_5.displayName" value="JUnit 5.6.0" />
    <property name="junit.available" value="true" />
    <property name="libs.hibernate4-support.javadoc" value="C:/Users/ShuKalx/Desktop/INTEGRADOR/WebEnglishHouseIntegrador_AVANCE2/lib/hibernate4-support/javax.persistence-2.1.0-doc.zip" />
    <property name="javadoc.encoding" value="UTF-8" />
    <property name="j2ee.platform" value="1.7-web" />
    <property name="libs.jstl.src" value="" />
    <property name="netbeans.hash.code" value="unique=NB_EXTIDE_JAVA_PHP_WEBCOMMON_WEBEE094532226-67ed-42c1-8b8b-aa6f42753d90_e282f30d-55fe-475b-bdda-c5e0d9121c3a" />
    <property name="libs.jsp-compilation-syscp.maven-pom" value="" />
    <property name="libs.spring-webmvc3.0.classpath" value="C:\Program Files\NetBeans-12.5\netbeans\java\modules\ext\spring-3.0\spring-webmvc-3.2.18.RELEASE.jar" />
    <property name="java.runtime.name" value="Java(TM) SE Runtime Environment" />
    <property name="libs.jaxb.javadoc" value="C:\Program Files\NetBeans-12.5\netbeans\ide\docs\jaxb-api-doc.jar" />
    <property name="libs.spring-framework500.maven-pom" value="" />
    <property name="run.jvmargs.ide" value="" />
    <property name="ant.core.lib" value="C:\Program Files\NetBeans-12.5\netbeans\extide\ant\lib\ant.jar" />
    <property name="libs.jsp-compilation.maven-pom" value="" />
    <property name="libs.jakartaee-api-9.0.classpath" value="C:\Program Files\NetBeans-12.5\netbeans\enterprise\modules\ext\jakarta.jakartaee-api-9.0.0.jar" />
    <property name="ignore.failing.tests" value="true" />
    <property name="libs.PostgreSQLDriver.javadoc" value="" />
    <property name="libs.jsp-compilation-syscp.classpath" value="C:\Program Files\NetBeans-12.5\netbeans\extide\ant\lib\ant.jar;C:\Program Files\NetBeans-12.5\netbeans\enterprise\modules\ext\servlet3.1-jsp2.3-api.jar;C:\Program Files\NetBeans-12.5\netbeans\enterprise\modules\ext\glassfish-jspparser-4.0.jar;C:\Program Files\NetBeans-12.5\netbeans\enterprise\modules\ext\jstl-impl.jar;C:\Program Files\NetBeans-12.5\netbeans\enterprise\modules\ext\jsf-2_2\javax.faces.jar" />
    <property name="libs.jsp-compilation.classpath" value="C:\Program Files\NetBeans-12.5\netbeans\extide\ant\lib\ant.jar;C:\Program Files\NetBeans-12.5\netbeans\enterprise\modules\ext\servlet3.1-jsp2.3-api.jar;C:\Program Files\NetBeans-12.5\netbeans\enterprise\modules\ext\glassfish-jspparser-4.0.jar;C:\Program Files\NetBeans-12.5\netbeans\enterprise\modules\ext\jsf-2_2\javax.faces.jar;C:\Program Files\NetBeans-12.5\netbeans\enterprise\modules\ext\jstl-api.jar;C:\Program Files\NetBeans-12.5\netbeans\extide\ant\lib\ant-launcher.jar" />
    <property name="libs.spring-framework300.displayName" value="Spring Framework 3.2.7" />
    <property name="war.ear.name" value="WebEnglishHouseIntegrado_Avance3.war" />
    <property name="libs.Java-EE-GlassFish-v3-Prelude.classpath" value="C:\Users\ShuKalx\GlassFish_Server\glassfish\modules\jakarta.activation.jar;C:\Users\ShuKalx\GlassFish_Server\glassfish\modules\jakarta.annotation-api.jar;C:\Users\ShuKalx\GlassFish_Server\glassfish\modules\jakarta.authentication-api.jar;C:\Users\ShuKalx\GlassFish_Server\glassfish\modules\jakarta.authorization-api.jar;C:\Users\ShuKalx\GlassFish_Server\glassfish\modules\jakarta.batch-api.jar;C:\Users\ShuKalx\GlassFish_Server\glassfish\modules\jakarta.ejb-api.jar;C:\Users\ShuKalx\GlassFish_Server\glassfish\modules\jakarta.el-api.jar;C:\Users\ShuKalx\GlassFish_Server\glassfish\modules\jakarta.el.jar;C:\Users\ShuKalx\GlassFish_Server\glassfish\modules\jakarta.enterprise.cdi-api.jar;C:\Users\ShuKalx\GlassFish_Server\glassfish\modules\jakarta.enterprise.concurrent-api.jar;C:\Users\ShuKalx\GlassFish_Server\glassfish\modules\jakarta.enterprise.concurrent.jar;C:\Users\ShuKalx\GlassFish_Server\glassfish\modules\jakarta.faces.jar;C:\Users\ShuKalx\GlassFish_Server\glassfish\modules\jakarta.inject-api.jar;C:\Users\ShuKalx\GlassFish_Server\glassfish\modules\jakarta.interceptor-api.jar;C:\Users\ShuKalx\GlassFish_Server\glassfish\modules\jakarta.jms-api.jar;C:\Users\ShuKalx\GlassFish_Server\glassfish\modules\jakarta.json.bind-api.jar;C:\Users\ShuKalx\GlassFish_Server\glassfish\modules\jakarta.json.jar;C:\Users\ShuKalx\GlassFish_Server\glassfish\modules\jakarta.mail.jar;C:\Users\ShuKalx\GlassFish_Server\glassfish\modules\jakarta.persistence-api.jar;C:\Users\ShuKalx\GlassFish_Server\glassfish\modules\jakarta.resource-api.jar;C:\Users\ShuKalx\GlassFish_Server\glassfish\modules\jakarta.security.enterprise-api.jar;C:\Users\ShuKalx\GlassFish_Server\glassfish\modules\jakarta.security.enterprise.jar;C:\Users\ShuKalx\GlassFish_Server\glassfish\modules\jakarta.servlet-api.jar;C:\Users\ShuKalx\GlassFish_Server\glassfish\modules\jakarta.servlet.jsp-api.jar;C:\Users\ShuKalx\GlassFish_Server\glassfish\modules\jakarta.servlet.jsp.jstl-api.jar;C:\Users\ShuKalx\GlassFish_Server\glassfish\modules\jakarta.servlet.jsp.jstl.jar;C:\Users\ShuKalx\GlassFish_Server\glassfish\modules\jakarta.transaction-api.jar;C:\Users\ShuKalx\GlassFish_Server\glassfish\modules\jakarta.validation-api.jar;C:\Users\ShuKalx\GlassFish_Server\glassfish\modules\jakarta.websocket-api.jar;C:\Users\ShuKalx\GlassFish_Server\glassfish\modules\jakarta.ws.rs-api.jar;C:\Users\ShuKalx\GlassFish_Server\glassfish\modules\jakarta.xml.bind-api.jar;C:\Users\ShuKalx\GlassFish_Server\glassfish\modules\jaxb-osgi.jar;C:\Users\ShuKalx\GlassFish_Server\glassfish\modules\webservices-osgi.jar;C:\Users\ShuKalx\GlassFish_Server\glassfish\modules\weld-osgi-bundle.jar;C:\Users\ShuKalx\GlassFish_Server\mq\lib\jaxm-api.jar" />
    <property name="webinf.dir" value="web/WEB-INF" />
    <property name="libs.javaee-api-6.0.classpath" value="C:\Program Files\NetBeans-12.5\netbeans\enterprise\modules\ext\javaee-api-6.0.jar" />
    <property name="libs.javaee-api-7.0.classpath" value="C:\Program Files\NetBeans-12.5\netbeans\enterprise\modules\ext\javaee-api-7.0.jar" />
    <property name="sun.cpu.isalist" value="amd64" />
    <property name="libs.restapi.maven-pom" value="" />
    <property name="javadoc.preview" value="true" />
    <property name="sun.arch.data.model" value="64" />
    <property name="nb.show.statistics.ui" value="usageStatisticsEnabled" />
    <property name="libs.jakartaee-web-api-9.0.maven-pom" value="" />
    <property name="libs.javaee-endorsed-api-7.0.src" value="" />
    <property name="annotation.processing.enabled" value="true" />
    <property name="libs.junit_5.src" value="C:/Users/ShuKalx/Desktop/INTEGRADOR/WebEnglishHouseIntegrador_AVANCE2/lib/junit_5/junit-jupiter-api-5.6.0-sources.jar;C:/Users/ShuKalx/Desktop/INTEGRADOR/WebEnglishHouseIntegrador_AVANCE2/lib/junit_5/junit-jupiter-params-5.6.0-sources.jar;C:/Users/ShuKalx/Desktop/INTEGRADOR/WebEnglishHouseIntegrador_AVANCE2/lib/junit_5/junit-jupiter-engine-5.6.0-sources.jar" />
    <property name="libs.jaxb.classpath" value="C:\Program Files\NetBeans-12.5\netbeans\ide\modules\ext\jaxb\jaxb-impl.jar;C:\Program Files\NetBeans-12.5\netbeans\ide\modules\ext\jaxb\jaxb-xjc.jar;C:\Program Files\NetBeans-12.5\netbeans\ide\modules\ext\jaxb\activation.jar;C:\Program Files\NetBeans-12.5\netbeans\ide\modules\ext\jaxb\api\jaxb-api.jar" />
    <property name="libs.javaee-api-8.0.classpath" value="C:\Program Files\NetBeans-12.5\netbeans\enterprise\modules\ext\javaee-api-8.0.jar" />
    <property name="libs.CopyLibs.src" value="" />
    <property name="javac.source" value="1.8" />
    <property name="java.specification.vendor" value="Oracle Corporation" />
    <property name="java.version.date" value="2023-01-17" />
    <property name="java.home" value="C:\Program Files\Java\jdk-17" />
    <property name="libs.CopyLibs.prop-version" value="2.0" />
    <property name="jna.boot.library.name" value="jnidispatch-nb" />
    <property name="libs.PostgreSQLDriver.classpath" value="C:\Program Files\NetBeans-12.5\netbeans\ide\modules\ext\postgresql-42.2.16.jar" />
    <property name="libs.graaljs.javadoc" value="" />
    <property name="libs.spring-webmvc3.0.javadoc" value="" />
    <property name="libs.JAXB-ENDORSED.src" value="" />
    <property name="do.display.browser.debug" value="true" />
    <property name="user.script" value="" />
    <property name="sun.management.compiler" value="HotSpot 64-Bit Tiered Compilers" />
    <property name="compile.jsps" value="false" />
    <property name="libs.spring-framework400.src" value="" />
    <property name="libs.graaljs.classpath" value="C:\Program Files\NetBeans-12.5\netbeans\webcommon\modules\ext\js-20.3.0.jar;C:\Program Files\NetBeans-12.5\netbeans\webcommon\modules\ext\js-launcher-20.3.0.jar;C:\Program Files\NetBeans-12.5\netbeans\webcommon\modules\ext\regex-20.3.0.jar;C:\Program Files\NetBeans-12.5\netbeans\webcommon\modules\ext\icu4j-67.1.jar;C:\Program Files\NetBeans-12.5\netbeans\ide\modules\ext\graal-sdk-20.3.0.jar;C:\Program Files\NetBeans-12.5\netbeans\ide\modules\ext\launcher-common-20.3.0.jar;C:\Program Files\NetBeans-12.5\netbeans\ide\modules\ext\truffle-api-20.3.0.jar" />
    <property name="libs.javaee-web-api-6.0.classpath" value="C:\Program Files\NetBeans-12.5\netbeans\enterprise\modules\ext\javaee-web-api-6.0.jar" />
    <property name="libs.jsp-compiler.javadoc" value="" />
    <property name="libs.javaee-web-api-7.0.classpath" value="C:\Program Files\NetBeans-12.5\netbeans\enterprise\modules\ext\javaee-web-api-7.0.jar" />
    <property name="ant.file.WebEnglishHouseIntegrado_Avance3-impl" value="C:\Users\ShuKalx\Desktop\INTEGRADOR\WebEnglishHouseIntegrador_AVANCE2\nbproject\build-impl.xml" />
    <property name="file.encoding" value="Cp1252" />
    <property name="java.util.logging.config.class" value="org.netbeans.core.startup.TopLogging" />
    <property name="j2ee.deploy.on.save" value="true" />
    <property name="libs.Comet-GlassFish-v3.maven-pom" value="" />
    <property name="file.reference.mysql-connector-java-commercial-5.1.7-bin.jar" value="lib/mysql-connector-java-commercial-5.1.7-bin.jar" />
    <property name="https.nonProxyHosts" value="localhost|127.0.0.1|DESKTOP-1A614LF" />
    <property name="libs.restlib.javadoc" value="" />
    <property name="build.web.dir" value="build/web" />
    <property name="ant.file.type.WebEnglishHouseIntegrado_Avance3" value="file" />
    <property name="libs.absolutelayout.classpath" value="C:\Program Files\NetBeans-12.5\netbeans\java\modules\ext\AbsoluteLayout.jar" />
    <property name="libs.struts.maven-pom" value="" />
    <property name="browser.context" value="C:\Users\ShuKalx\Desktop\INTEGRADOR\WebEnglishHouseIntegrador_AVANCE2" />
    <property name="do.tmp.war.package" value="true" />
    <property name="nb.native.filechooser" value="false" />
    <property name="libs.testng.src" value="" />
    <property name="platform.active" value="default_platform" />
    <property name="libs.javaee-web-api-8.0.classpath" value="C:\Program Files\NetBeans-12.5\netbeans\enterprise\modules\ext\javaee-web-api-8.0.jar" />
    <property name="sun.io.unicode.encoding" value="UnicodeLittle" />
    <property name="libs.struts.javadoc" value="C:/Users/ShuKalx/Desktop/INTEGRADOR/WebEnglishHouseIntegrador_AVANCE2/lib/struts/struts-1.3.10-javadoc.zip" />
    <property name="default.javac.source" value="17" />
    <property name="netbeans.dynamic.classpath" value="C:\Program Files\NetBeans-12.5\netbeans\platform\core\asm-9.2.jar;C:\Program Files\NetBeans-12.5\netbeans\platform\core\asm-commons-9.2.jar;C:\Program Files\NetBeans-12.5\netbeans\platform\core\asm-tree-9.2.jar;C:\Program Files\NetBeans-12.5\netbeans\platform\core\core-base.jar;C:\Program Files\NetBeans-12.5\netbeans\platform\core\core.jar;C:\Program Files\NetBeans-12.5\netbeans\platform\core\org-netbeans-libs-asm.jar;C:\Program Files\NetBeans-12.5\netbeans\platform\core\org-openide-filesystems-compat8.jar;C:\Program Files\NetBeans-12.5\netbeans\platform\core\org-openide-filesystems.jar;C:\Program Files\NetBeans-12.5\netbeans\nb\core\org-netbeans-upgrader.jar;C:\Program Files\NetBeans-12.5\netbeans\nb\core\locale\core_nb.jar" />
    <property name="libs.javaee-web-api-8.0.javadoc" value="C:\Program Files\NetBeans-12.5\netbeans\enterprise\docs\javaee-doc-api.jar" />
    <property name="libs.eclipselinkmodelgen.classpath" value="C:\Program Files\NetBeans-12.5\netbeans\java\modules\ext\eclipselink\org.eclipse.persistence.jpa.modelgen.processor-2.7.7.jar" />
    <property name="file.reference.derbyclient.jar" value="lib/derbyclient.jar" />
    <property name="ant.file.type.WebEnglishHouseIntegrado_Avance3-impl" value="file" />
    <property name="netbeans.buildnumber" value="12.5-fd523ddc12d6156412d7b81f0c8663d8913d1021" />
    <property name="php.global.include.path" value="" />
    <property name="source.root" value="src" />
    <property name="endorsed.classpath.cmd.line.arg" value="-Xbootclasspath/p:&apos;C:\Users\ShuKalx\Desktop\INTEGRADOR\WebEnglishHouseIntegrador_AVANCE2\lib\javaee-endorsed-api-7.0\javax.annotation-api.jar;C:\Users\ShuKalx\Desktop\INTEGRADOR\WebEnglishHouseIntegrador_AVANCE2\lib\javaee-endorsed-api-7.0\javax.xml.soap-api.jar;C:\Users\ShuKalx\Desktop\INTEGRADOR\WebEnglishHouseIntegrador_AVANCE2\lib\javaee-endorsed-api-7.0\jaxb-api-osgi.jar;C:\Users\ShuKalx\Desktop\INTEGRADOR\WebEnglishHouseIntegrador_AVANCE2\lib\javaee-endorsed-api-7.0\jaxws-api.jar;C:\Users\ShuKalx\Desktop\INTEGRADOR\WebEnglishHouseIntegrador_AVANCE2\lib\javaee-endorsed-api-7.0\jsr181-api.jar&apos;" />
    <property name="libs.jpa20-persistence.maven-pom" value="" />
    <property name="libs.CopyLibs.maven-pom" value="" />
    <property name="os.name" value="Windows 10" />
    <property name="libs.jakartaee-api-8.0.maven-pom" value="" />
    <property name="platforms.Zulu_17.0.6_10.home" value="C:\Users\ShuKalx\AppData\Local\Java\zulu17.40.19-ca-jdk17.0.6-win_x64_1\zulu17.40.19-ca-jdk17.0.6-win_x64" />
    <property name="jdkBug6558476" value="false" />
    <property name="http.nonProxyHosts" value="localhost|127.0.0.1|DESKTOP-1A614LF" />
    <property name="javadoc.author" value="false" />
    <property name="libs.jsp-compilation-syscp.javadoc" value="" />
    <property name="source.encoding" value="UTF-8" />
    <property name="jar.compress" value="false" />
    <property name="libs.javaee-api-7.0.javadoc" value="C:\Program Files\NetBeans-12.5\netbeans\enterprise\docs\javaee-doc-api.jar" />
    <property name="libs.spring-webmvc5.0.src" value="" />
    <property name="libs.ConnectorJ.src" value="" />
    <property name="libs.jsf20.maven-pom" value="" />
    <property name="libs.ConnectorJ.javadoc" value="" />
    <property name="libs.restlib.classpath" value="C:\Program Files\NetBeans-12.5\netbeans\enterprise\modules\ext\jersey2\ext\jakarta.annotation-api-1.3.5.jar;C:\Program Files\NetBeans-12.5\netbeans\enterprise\modules\ext\jersey2\ext\jakarta.persistence-api-2.2.3.jar;C:\Program Files\NetBeans-12.5\netbeans\enterprise\modules\ext\jersey2\ext\jakarta.servlet-api-4.0.4.jar;C:\Program Files\NetBeans-12.5\netbeans\enterprise\modules\ext\jersey2\ext\jakarta.validation-api-2.0.2.jar;C:\Program Files\NetBeans-12.5\netbeans\enterprise\modules\ext\jersey2\ext\jakarta.xml.bind-api-2.3.3.jar;C:\Program Files\NetBeans-12.5\netbeans\enterprise\modules\ext\jersey2\jersey-client.jar;C:\Program Files\NetBeans-12.5\netbeans\enterprise\modules\ext\jersey2\jersey-common.jar;C:\Program Files\NetBeans-12.5\netbeans\enterprise\modules\ext\jersey2\jersey-server.jar;C:\Program Files\NetBeans-12.5\netbeans\enterprise\modules\ext\jersey2\ext\jersey-entity-filtering-2.34.jar;C:\Program Files\NetBeans-12.5\netbeans\enterprise\modules\ext\jersey2\ext\jersey-hk2-2.34.jar;C:\Program Files\NetBeans-12.5\netbeans\enterprise\modules\ext\jersey2\ext\jersey-media-moxy-2.34.jar;C:\Program Files\NetBeans-12.5\netbeans\enterprise\modules\ext\jersey2\jersey-container-servlet.jar;C:\Program Files\NetBeans-12.5\netbeans\enterprise\modules\ext\jersey2\jersey-container-servlet-core.jar;C:\Program Files\NetBeans-12.5\netbeans\enterprise\modules\ext\jersey2\ext\hk2-api-2.6.1.jar;C:\Program Files\NetBeans-12.5\netbeans\enterprise\modules\ext\jersey2\ext\hk2-locator-2.6.1.jar;C:\Program Files\NetBeans-12.5\netbeans\enterprise\modules\ext\jersey2\ext\hk2-utils-2.6.1.jar;C:\Program Files\NetBeans-12.5\netbeans\enterprise\modules\ext\jersey2\ext\jakarta.inject-2.6.1.jar;C:\Program Files\NetBeans-12.5\netbeans\enterprise\modules\ext\jersey2\ext\aopalliance-repackaged-2.6.1.jar;C:\Program Files\NetBeans-12.5\netbeans\enterprise\modules\ext\jersey2\ext\osgi.core-8.0.0.jar;C:\Program Files\NetBeans-12.5\netbeans\enterprise\modules\ext\jersey2\ext\osgi-resource-locator-1.0.3.jar;C:\Program Files\NetBeans-12.5\netbeans\java\modules\ext\eclipselink\org.eclipse.persistence.core-2.7.7.jar;C:\Program Files\NetBeans-12.5\netbeans\java\modules\ext\eclipselink\org.eclipse.persistence.asm-2.7.7.jar;C:\Program Files\NetBeans-12.5\netbeans\java\modules\ext\eclipselink\org.eclipse.persistence.antlr-2.7.7.jar;C:\Program Files\NetBeans-12.5\netbeans\java\modules\ext\eclipselink\org.eclipse.persistence.jpa-2.7.7.jar;C:\Program Files\NetBeans-12.5\netbeans\java\modules\ext\eclipselink\org.eclipse.persistence.jpa.jpql-2.7.7.jar;C:\Program Files\NetBeans-12.5\netbeans\java\modules\ext\eclipselink\org.eclipse.persistence.moxy-2.7.7.jar" />
    <property name="libs.jakartaee-web-api-8.0.javadoc" value="C:\Program Files\NetBeans-12.5\netbeans\enterprise\docs\jakartaee8-doc-api.jar" />
    <property name="apple.awt.graphics.UseQuartz" value="true" />
    <property name="libs.graaljs.src" value="" />
    <property name="libs.primefaces.src" value="" />
    <property name="do.tmp.war.package.with.custom.manifest" value="true" />
    <property name="libraries.path" value="C:\Users\ShuKalx\Desktop\INTEGRADOR\WebEnglishHouseIntegrador_AVANCE2\lib\nblibraries.properties" />
    <property name="j2ee.server.type" value="Tomcat" />
    <property name="libs.struts.prop-maven-dependencies" value="&#xa;                org.apache.struts:struts-core:1.3.10:jar&#xa;                org.apache.struts:struts-el:1.3.10:jar&#xa;                org.apache.struts:struts-extras:1.3.10:jar&#xa;                org.apache.struts:struts-faces:1.3.10:jar&#xa;                org.apache.struts:struts-mailreader-dao:1.3.10:jar&#xa;                org.apache.struts:struts-scripting:1.3.10:jar&#xa;                org.apache.struts:struts-taglib:1.3.10:jar&#xa;                org.apache.struts:struts-tiles:1.3.10:jar&#xa;            " />
    <property name="ant.file" value="C:\Users\ShuKalx\Desktop\INTEGRADOR\WebEnglishHouseIntegrador_AVANCE2\build.xml" />
    <property name="libs.struts.src" value="" />
    <property name="path.separator" value=";" />
    <property name="libs.JAXB-ENDORSED.classpath" value="C:\Program Files\NetBeans-12.5\netbeans\ide\modules\ext\jaxb\api\jaxb-api.jar" />
    <property name="libs.restlib.src" value="" />
    <property name="libs.ConnectorJ.maven-pom" value="" />
    <property name="build.test.results.dir" value="build/test/results" />
    <property name="libs.jaxws21.javadoc" value="C:\Program Files\NetBeans-12.5\netbeans\java\docs\jaxws-api-doc.zip" />
    <property name="libs.javaee-endorsed-api-6.0.javadoc" value="C:\Program Files\NetBeans-12.5\netbeans\enterprise\docs\javaee-doc-api.jar" />
    <property name="libs.spring-framework400.maven-pom" value="" />
    <property name="ap.processors.internal" value="" />
    <property name="libs.spring-webmvc5.0.javadoc" value="" />
    <property name="libs.jsf12.classpath" value="C:\Program Files\NetBeans-12.5\netbeans\enterprise\modules\ext\jsf-1_2\jsf-api.jar;C:\Program Files\NetBeans-12.5\netbeans\enterprise\modules\ext\jsf-1_2\jsf-impl.jar" />
    <property name="libs.Comet-GlassFish-v3.src" value="" />
    <property name="libs.hamcrest.javadoc" value="" />
    <property name="libs.spring-framework400.javadoc" value="" />
    <property name="java.vm.info" value="mixed mode, sharing" />
    <property name="libs.primefaces.classpath" value="C:\Program Files\NetBeans-12.5\netbeans\enterprise\modules\ext\primefaces\primefaces-5.0.jar" />
    <property name="libs.jaxws21.maven-pom" value="" />
    <property name="run.test.classpath" value="C:/Users/ShuKalx/Desktop/INTEGRADOR/WebEnglishHouseIntegrador_AVANCE2/lib/spring-framework300/org-apache-commons-logging.jar;C:/Users/ShuKalx/Desktop/INTEGRADOR/WebEnglishHouseIntegrador_AVANCE2/lib/spring-framework300/cglib-2.2.jar;C:/Users/ShuKalx/Desktop/INTEGRADOR/WebEnglishHouseIntegrador_AVANCE2/lib/spring-framework300/spring-aop-3.2.7.RELEASE.jar;C:/Users/ShuKalx/Desktop/INTEGRADOR/WebEnglishHouseIntegrador_AVANCE2/lib/spring-framework300/spring-aspects-3.2.7.RELEASE.jar;C:/Users/ShuKalx/Desktop/INTEGRADOR/WebEnglishHouseIntegrador_AVANCE2/lib/spring-framework300/spring-beans-3.2.7.RELEASE.jar;C:/Users/ShuKalx/Desktop/INTEGRADOR/WebEnglishHouseIntegrador_AVANCE2/lib/spring-framework300/spring-build-src-3.2.7.RELEASE.jar;C:/Users/ShuKalx/Desktop/INTEGRADOR/WebEnglishHouseIntegrador_AVANCE2/lib/spring-framework300/spring-context-3.2.7.RELEASE.jar;C:/Users/ShuKalx/Desktop/INTEGRADOR/WebEnglishHouseIntegrador_AVANCE2/lib/spring-framework300/spring-context-support-3.2.7.RELEASE.jar;C:/Users/ShuKalx/Desktop/INTEGRADOR/WebEnglishHouseIntegrador_AVANCE2/lib/spring-framework300/spring-core-3.2.7.RELEASE.jar;C:/Users/ShuKalx/Desktop/INTEGRADOR/WebEnglishHouseIntegrador_AVANCE2/lib/spring-framework300/spring-expression-3.2.7.RELEASE.jar;C:/Users/ShuKalx/Desktop/INTEGRADOR/WebEnglishHouseIntegrador_AVANCE2/lib/spring-framework300/spring-framework-bom-3.2.7.RELEASE.jar;C:/Users/ShuKalx/Desktop/INTEGRADOR/WebEnglishHouseIntegrador_AVANCE2/lib/spring-framework300/spring-instrument-3.2.7.RELEASE.jar;C:/Users/ShuKalx/Desktop/INTEGRADOR/WebEnglishHouseIntegrador_AVANCE2/lib/spring-framework300/spring-instrument-tomcat-3.2.7.RELEASE.jar;C:/Users/ShuKalx/Desktop/INTEGRADOR/WebEnglishHouseIntegrador_AVANCE2/lib/spring-framework300/spring-jdbc-3.2.7.RELEASE.jar;C:/Users/ShuKalx/Desktop/INTEGRADOR/WebEnglishHouseIntegrador_AVANCE2/lib/spring-framework300/spring-jms-3.2.7.RELEASE.jar;C:/Users/ShuKalx/Desktop/INTEGRADOR/WebEnglishHouseIntegrador_AVANCE2/lib/spring-framework300/spring-orm-3.2.7.RELEASE.jar;C:/Users/ShuKalx/Desktop/INTEGRADOR/WebEnglishHouseIntegrador_AVANCE2/lib/spring-framework300/spring-oxm-3.2.7.RELEASE.jar;C:/Users/ShuKalx/Desktop/INTEGRADOR/WebEnglishHouseIntegrador_AVANCE2/lib/spring-framework300/spring-struts-3.2.7.RELEASE.jar;C:/Users/ShuKalx/Desktop/INTEGRADOR/WebEnglishHouseIntegrador_AVANCE2/lib/spring-framework300/spring-test-3.2.7.RELEASE.jar;C:/Users/ShuKalx/Desktop/INTEGRADOR/WebEnglishHouseIntegrador_AVANCE2/lib/spring-framework300/spring-tx-3.2.7.RELEASE.jar;C:/Users/ShuKalx/Desktop/INTEGRADOR/WebEnglishHouseIntegrador_AVANCE2/lib/spring-framework300/spring-web-3.2.7.RELEASE.jar;C:/Users/ShuKalx/Desktop/INTEGRADOR/WebEnglishHouseIntegrador_AVANCE2/lib/spring-framework300/spring-webmvc-3.2.7.RELEASE.jar;C:/Users/ShuKalx/Desktop/INTEGRADOR/WebEnglishHouseIntegrador_AVANCE2/lib/spring-framework300/spring-webmvc-portlet-3.2.7.RELEASE.jar:C:/Users/ShuKalx/Desktop/INTEGRADOR/WebEnglishHouseIntegrador_AVANCE2/lib/struts/antlr-2.7.2.jar;C:/Users/ShuKalx/Desktop/INTEGRADOR/WebEnglishHouseIntegrador_AVANCE2/lib/struts/bsf-2.3.0.jar;C:/Users/ShuKalx/Desktop/INTEGRADOR/WebEnglishHouseIntegrador_AVANCE2/lib/struts/commons-beanutils-1.8.0.jar;C:/Users/ShuKalx/Desktop/INTEGRADOR/WebEnglishHouseIntegrador_AVANCE2/lib/struts/commons-chain-1.2.jar;C:/Users/ShuKalx/Desktop/INTEGRADOR/WebEnglishHouseIntegrador_AVANCE2/lib/struts/commons-digester-1.8.jar;C:/Users/ShuKalx/Desktop/INTEGRADOR/WebEnglishHouseIntegrador_AVANCE2/lib/struts/commons-fileupload-1.1.1.jar;C:/Users/ShuKalx/Desktop/INTEGRADOR/WebEnglishHouseIntegrador_AVANCE2/lib/struts/commons-io-1.1.jar;C:/Users/ShuKalx/Desktop/INTEGRADOR/WebEnglishHouseIntegrador_AVANCE2/lib/struts/commons-logging-1.0.4.jar;C:/Users/ShuKalx/Desktop/INTEGRADOR/WebEnglishHouseIntegrador_AVANCE2/lib/struts/commons-validator-1.3.1.jar;C:/Users/ShuKalx/Desktop/INTEGRADOR/WebEnglishHouseIntegrador_AVANCE2/lib/struts/jstl-1.0.2.jar;C:/Users/ShuKalx/Desktop/INTEGRADOR/WebEnglishHouseIntegrador_AVANCE2/lib/struts/oro-2.0.8.jar;C:/Users/ShuKalx/Desktop/INTEGRADOR/WebEnglishHouseIntegrador_AVANCE2/lib/struts/standard-1.0.6.jar;C:/Users/ShuKalx/Desktop/INTEGRADOR/WebEnglishHouseIntegrador_AVANCE2/lib/struts/struts-core-1.3.10.jar;C:/Users/ShuKalx/Desktop/INTEGRADOR/WebEnglishHouseIntegrador_AVANCE2/lib/struts/struts-el-1.3.10.jar;C:/Users/ShuKalx/Desktop/INTEGRADOR/WebEnglishHouseIntegrador_AVANCE2/lib/struts/struts-extras-1.3.10.jar;C:/Users/ShuKalx/Desktop/INTEGRADOR/WebEnglishHouseIntegrador_AVANCE2/lib/struts/struts-faces-1.3.10.jar;C:/Users/ShuKalx/Desktop/INTEGRADOR/WebEnglishHouseIntegrador_AVANCE2/lib/struts/struts-mailreader-dao-1.3.10.jar;C:/Users/ShuKalx/Desktop/INTEGRADOR/WebEnglishHouseIntegrador_AVANCE2/lib/struts/struts-scripting-1.3.10.jar;C:/Users/ShuKalx/Desktop/INTEGRADOR/WebEnglishHouseIntegrador_AVANCE2/lib/struts/struts-taglib-1.3.10.jar;C:/Users/ShuKalx/Desktop/INTEGRADOR/WebEnglishHouseIntegrador_AVANCE2/lib/struts/struts-tiles-1.3.10.jar:C:/Users/ShuKalx/Desktop/INTEGRADOR/WebEnglishHouseIntegrador_AVANCE2/lib/hibernate4-support/antlr-2.7.7.jar;C:/Users/ShuKalx/Desktop/INTEGRADOR/WebEnglishHouseIntegrador_AVANCE2/lib/hibernate4-support/c3p0-0.9.2.1.jar;C:/Users/ShuKalx/Desktop/INTEGRADOR/WebEnglishHouseIntegrador_AVANCE2/lib/hibernate4-support/hibernate-c3p0-4.3.1.Final.jar;C:/Users/ShuKalx/Desktop/INTEGRADOR/WebEnglishHouseIntegrador_AVANCE2/lib/hibernate4-support/mchange-commons-java-0.2.3.4.jar;C:/Users/ShuKalx/Desktop/INTEGRADOR/WebEnglishHouseIntegrador_AVANCE2/lib/hibernate4-support/dom4j-1.6.1.jar;C:/Users/ShuKalx/Desktop/INTEGRADOR/WebEnglishHouseIntegrador_AVANCE2/lib/hibernate4-support/ehcache-core-2.4.3.jar;C:/Users/ShuKalx/Desktop/INTEGRADOR/WebEnglishHouseIntegrador_AVANCE2/lib/hibernate4-support/hibernate-ehcache-4.3.1.Final.jar;C:/Users/ShuKalx/Desktop/INTEGRADOR/WebEnglishHouseIntegrador_AVANCE2/lib/hibernate4-support/hibernate-core-4.3.1.Final.jar;C:/Users/ShuKalx/Desktop/INTEGRADOR/WebEnglishHouseIntegrador_AVANCE2/lib/hibernate4-support/jboss-logging-3.1.3.GA.jar;C:/Users/ShuKalx/Desktop/INTEGRADOR/WebEnglishHouseIntegrador_AVANCE2/lib/hibernate4-support/hibernate-commons-annotations-4.0.4.Final.jar;C:/Users/ShuKalx/Desktop/INTEGRADOR/WebEnglishHouseIntegrador_AVANCE2/lib/hibernate4-support/hibernate-entitymanager-4.3.1.Final.jar;C:/Users/ShuKalx/Desktop/INTEGRADOR/WebEnglishHouseIntegrador_AVANCE2/lib/hibernate4-support/javassist-3.18.1-GA.jar;C:/Users/ShuKalx/Desktop/INTEGRADOR/WebEnglishHouseIntegrador_AVANCE2/lib/hibernate4-support/jboss-transaction-api_1.2_spec-1.0.0.Final.jar;C:/Users/ShuKalx/Desktop/INTEGRADOR/WebEnglishHouseIntegrador_AVANCE2/lib/hibernate4-support/slf4j-api-1.6.1.jar;C:/Users/ShuKalx/Desktop/INTEGRADOR/WebEnglishHouseIntegrador_AVANCE2/lib/hibernate4-support/slf4j-simple-1.6.1.jar:C:/Users/ShuKalx/Desktop/INTEGRADOR/WebEnglishHouseIntegrador_AVANCE2/lib/jpa2-persistence/hibernate-jpa-2.1-api-1.0.0.Final.jar:lib/derbyclient.jar:lib/derby.jar:lib/derbyclient-10.1.2.1.jar:lib/sqljdbc_12.2.0.0_enu.zip:lib/mysql-connector-java-commercial-5.1.7-bin.jar:build/web/WEB-INF/classes:C:/Users/ShuKalx/Desktop/INTEGRADOR/WebEnglishHouseIntegrador_AVANCE2/lib/junit_4/junit-4.13.2.jar:C:/Users/ShuKalx/Desktop/INTEGRADOR/WebEnglishHouseIntegrador_AVANCE2/lib/junit_5/junit-jupiter-api-5.6.0.jar;C:/Users/ShuKalx/Desktop/INTEGRADOR/WebEnglishHouseIntegrador_AVANCE2/lib/junit_5/junit-jupiter-params-5.6.0.jar;C:/Users/ShuKalx/Desktop/INTEGRADOR/WebEnglishHouseIntegrador_AVANCE2/lib/junit_5/junit-jupiter-engine-5.6.0.jar:build/test/classes" />
    <property name="build.meta.inf.dir" value="build/web/META-INF" />
    <property name="libs.hibernate4-support.prop-maven-dependencies" value="&#xa;                org.hibernate:hibernate-entitymanager:4.3.1.Final:jar&#xa;            " />
    <property name="javadoc.encoding.used" value="UTF-8" />
    <property name="java.class.version" value="61.0" />
    <property name="src.dir" value="src/java" />
    <property name="debug.classpath" value="build/web/WEB-INF/classes:C:/Users/ShuKalx/Desktop/INTEGRADOR/WebEnglishHouseIntegrador_AVANCE2/lib/spring-framework300/org-apache-commons-logging.jar;C:/Users/ShuKalx/Desktop/INTEGRADOR/WebEnglishHouseIntegrador_AVANCE2/lib/spring-framework300/cglib-2.2.jar;C:/Users/ShuKalx/Desktop/INTEGRADOR/WebEnglishHouseIntegrador_AVANCE2/lib/spring-framework300/spring-aop-3.2.7.RELEASE.jar;C:/Users/ShuKalx/Desktop/INTEGRADOR/WebEnglishHouseIntegrador_AVANCE2/lib/spring-framework300/spring-aspects-3.2.7.RELEASE.jar;C:/Users/ShuKalx/Desktop/INTEGRADOR/WebEnglishHouseIntegrador_AVANCE2/lib/spring-framework300/spring-beans-3.2.7.RELEASE.jar;C:/Users/ShuKalx/Desktop/INTEGRADOR/WebEnglishHouseIntegrador_AVANCE2/lib/spring-framework300/spring-build-src-3.2.7.RELEASE.jar;C:/Users/ShuKalx/Desktop/INTEGRADOR/WebEnglishHouseIntegrador_AVANCE2/lib/spring-framework300/spring-context-3.2.7.RELEASE.jar;C:/Users/ShuKalx/Desktop/INTEGRADOR/WebEnglishHouseIntegrador_AVANCE2/lib/spring-framework300/spring-context-support-3.2.7.RELEASE.jar;C:/Users/ShuKalx/Desktop/INTEGRADOR/WebEnglishHouseIntegrador_AVANCE2/lib/spring-framework300/spring-core-3.2.7.RELEASE.jar;C:/Users/ShuKalx/Desktop/INTEGRADOR/WebEnglishHouseIntegrador_AVANCE2/lib/spring-framework300/spring-expression-3.2.7.RELEASE.jar;C:/Users/ShuKalx/Desktop/INTEGRADOR/WebEnglishHouseIntegrador_AVANCE2/lib/spring-framework300/spring-framework-bom-3.2.7.RELEASE.jar;C:/Users/ShuKalx/Desktop/INTEGRADOR/WebEnglishHouseIntegrador_AVANCE2/lib/spring-framework300/spring-instrument-3.2.7.RELEASE.jar;C:/Users/ShuKalx/Desktop/INTEGRADOR/WebEnglishHouseIntegrador_AVANCE2/lib/spring-framework300/spring-instrument-tomcat-3.2.7.RELEASE.jar;C:/Users/ShuKalx/Desktop/INTEGRADOR/WebEnglishHouseIntegrador_AVANCE2/lib/spring-framework300/spring-jdbc-3.2.7.RELEASE.jar;C:/Users/ShuKalx/Desktop/INTEGRADOR/WebEnglishHouseIntegrador_AVANCE2/lib/spring-framework300/spring-jms-3.2.7.RELEASE.jar;C:/Users/ShuKalx/Desktop/INTEGRADOR/WebEnglishHouseIntegrador_AVANCE2/lib/spring-framework300/spring-orm-3.2.7.RELEASE.jar;C:/Users/ShuKalx/Desktop/INTEGRADOR/WebEnglishHouseIntegrador_AVANCE2/lib/spring-framework300/spring-oxm-3.2.7.RELEASE.jar;C:/Users/ShuKalx/Desktop/INTEGRADOR/WebEnglishHouseIntegrador_AVANCE2/lib/spring-framework300/spring-struts-3.2.7.RELEASE.jar;C:/Users/ShuKalx/Desktop/INTEGRADOR/WebEnglishHouseIntegrador_AVANCE2/lib/spring-framework300/spring-test-3.2.7.RELEASE.jar;C:/Users/ShuKalx/Desktop/INTEGRADOR/WebEnglishHouseIntegrador_AVANCE2/lib/spring-framework300/spring-tx-3.2.7.RELEASE.jar;C:/Users/ShuKalx/Desktop/INTEGRADOR/WebEnglishHouseIntegrador_AVANCE2/lib/spring-framework300/spring-web-3.2.7.RELEASE.jar;C:/Users/ShuKalx/Desktop/INTEGRADOR/WebEnglishHouseIntegrador_AVANCE2/lib/spring-framework300/spring-webmvc-3.2.7.RELEASE.jar;C:/Users/ShuKalx/Desktop/INTEGRADOR/WebEnglishHouseIntegrador_AVANCE2/lib/spring-framework300/spring-webmvc-portlet-3.2.7.RELEASE.jar:C:/Users/ShuKalx/Desktop/INTEGRADOR/WebEnglishHouseIntegrador_AVANCE2/lib/struts/antlr-2.7.2.jar;C:/Users/ShuKalx/Desktop/INTEGRADOR/WebEnglishHouseIntegrador_AVANCE2/lib/struts/bsf-2.3.0.jar;C:/Users/ShuKalx/Desktop/INTEGRADOR/WebEnglishHouseIntegrador_AVANCE2/lib/struts/commons-beanutils-1.8.0.jar;C:/Users/ShuKalx/Desktop/INTEGRADOR/WebEnglishHouseIntegrador_AVANCE2/lib/struts/commons-chain-1.2.jar;C:/Users/ShuKalx/Desktop/INTEGRADOR/WebEnglishHouseIntegrador_AVANCE2/lib/struts/commons-digester-1.8.jar;C:/Users/ShuKalx/Desktop/INTEGRADOR/WebEnglishHouseIntegrador_AVANCE2/lib/struts/commons-fileupload-1.1.1.jar;C:/Users/ShuKalx/Desktop/INTEGRADOR/WebEnglishHouseIntegrador_AVANCE2/lib/struts/commons-io-1.1.jar;C:/Users/ShuKalx/Desktop/INTEGRADOR/WebEnglishHouseIntegrador_AVANCE2/lib/struts/commons-logging-1.0.4.jar;C:/Users/ShuKalx/Desktop/INTEGRADOR/WebEnglishHouseIntegrador_AVANCE2/lib/struts/commons-validator-1.3.1.jar;C:/Users/ShuKalx/Desktop/INTEGRADOR/WebEnglishHouseIntegrador_AVANCE2/lib/struts/jstl-1.0.2.jar;C:/Users/ShuKalx/Desktop/INTEGRADOR/WebEnglishHouseIntegrador_AVANCE2/lib/struts/oro-2.0.8.jar;C:/Users/ShuKalx/Desktop/INTEGRADOR/WebEnglishHouseIntegrador_AVANCE2/lib/struts/standard-1.0.6.jar;C:/Users/ShuKalx/Desktop/INTEGRADOR/WebEnglishHouseIntegrador_AVANCE2/lib/struts/struts-core-1.3.10.jar;C:/Users/ShuKalx/Desktop/INTEGRADOR/WebEnglishHouseIntegrador_AVANCE2/lib/struts/struts-el-1.3.10.jar;C:/Users/ShuKalx/Desktop/INTEGRADOR/WebEnglishHouseIntegrador_AVANCE2/lib/struts/struts-extras-1.3.10.jar;C:/Users/ShuKalx/Desktop/INTEGRADOR/WebEnglishHouseIntegrador_AVANCE2/lib/struts/struts-faces-1.3.10.jar;C:/Users/ShuKalx/Desktop/INTEGRADOR/WebEnglishHouseIntegrador_AVANCE2/lib/struts/struts-mailreader-dao-1.3.10.jar;C:/Users/ShuKalx/Desktop/INTEGRADOR/WebEnglishHouseIntegrador_AVANCE2/lib/struts/struts-scripting-1.3.10.jar;C:/Users/ShuKalx/Desktop/INTEGRADOR/WebEnglishHouseIntegrador_AVANCE2/lib/struts/struts-taglib-1.3.10.jar;C:/Users/ShuKalx/Desktop/INTEGRADOR/WebEnglishHouseIntegrador_AVANCE2/lib/struts/struts-tiles-1.3.10.jar:C:/Users/ShuKalx/Desktop/INTEGRADOR/WebEnglishHouseIntegrador_AVANCE2/lib/hibernate4-support/antlr-2.7.7.jar;C:/Users/ShuKalx/Desktop/INTEGRADOR/WebEnglishHouseIntegrador_AVANCE2/lib/hibernate4-support/c3p0-0.9.2.1.jar;C:/Users/ShuKalx/Desktop/INTEGRADOR/WebEnglishHouseIntegrador_AVANCE2/lib/hibernate4-support/hibernate-c3p0-4.3.1.Final.jar;C:/Users/ShuKalx/Desktop/INTEGRADOR/WebEnglishHouseIntegrador_AVANCE2/lib/hibernate4-support/mchange-commons-java-0.2.3.4.jar;C:/Users/ShuKalx/Desktop/INTEGRADOR/WebEnglishHouseIntegrador_AVANCE2/lib/hibernate4-support/dom4j-1.6.1.jar;C:/Users/ShuKalx/Desktop/INTEGRADOR/WebEnglishHouseIntegrador_AVANCE2/lib/hibernate4-support/ehcache-core-2.4.3.jar;C:/Users/ShuKalx/Desktop/INTEGRADOR/WebEnglishHouseIntegrador_AVANCE2/lib/hibernate4-support/hibernate-ehcache-4.3.1.Final.jar;C:/Users/ShuKalx/Desktop/INTEGRADOR/WebEnglishHouseIntegrador_AVANCE2/lib/hibernate4-support/hibernate-core-4.3.1.Final.jar;C:/Users/ShuKalx/Desktop/INTEGRADOR/WebEnglishHouseIntegrador_AVANCE2/lib/hibernate4-support/jboss-logging-3.1.3.GA.jar;C:/Users/ShuKalx/Desktop/INTEGRADOR/WebEnglishHouseIntegrador_AVANCE2/lib/hibernate4-support/hibernate-commons-annotations-4.0.4.Final.jar;C:/Users/ShuKalx/Desktop/INTEGRADOR/WebEnglishHouseIntegrador_AVANCE2/lib/hibernate4-support/hibernate-entitymanager-4.3.1.Final.jar;C:/Users/ShuKalx/Desktop/INTEGRADOR/WebEnglishHouseIntegrador_AVANCE2/lib/hibernate4-support/javassist-3.18.1-GA.jar;C:/Users/ShuKalx/Desktop/INTEGRADOR/WebEnglishHouseIntegrador_AVANCE2/lib/hibernate4-support/jboss-transaction-api_1.2_spec-1.0.0.Final.jar;C:/Users/ShuKalx/Desktop/INTEGRADOR/WebEnglishHouseIntegrador_AVANCE2/lib/hibernate4-support/slf4j-api-1.6.1.jar;C:/Users/ShuKalx/Desktop/INTEGRADOR/WebEnglishHouseIntegrador_AVANCE2/lib/hibernate4-support/slf4j-simple-1.6.1.jar:C:/Users/ShuKalx/Desktop/INTEGRADOR/WebEnglishHouseIntegrador_AVANCE2/lib/jpa2-persistence/hibernate-jpa-2.1-api-1.0.0.Final.jar:lib/derbyclient.jar:lib/derby.jar:lib/derbyclient-10.1.2.1.jar:lib/sqljdbc_12.2.0.0_enu.zip:lib/mysql-connector-java-commercial-5.1.7-bin.jar" />
    <property name="ant.project.default-target" value="default" />
    <property name="excludes" value="" />
    <property name="web.docbase.dir" value="web" />
    <property name="libs.javaee-api-7.0.src" value="" />
    <property name="sun.jnu.encoding" value="Cp1252" />
    <property name="libs.junit_4.javadoc" value="C:/Users/ShuKalx/Desktop/INTEGRADOR/WebEnglishHouseIntegrador_AVANCE2/lib/junit_4/junit-4.13.2-javadoc.jar" />
    <property name="libs.spring-webmvc4.0.src" value="" />
    <property name="sun.java2d.dpiaware" value="true" />
    <property name="libs.hibernate4-support.displayName" value="Hibernate 4.3.x" />
    <property name="libs.jsf20.javadoc" value="C:\Program Files\NetBeans-12.5\netbeans\enterprise\docs\javaee-doc-api.jar" />
    <property name="libs.JAVADB_DRIVER_LABEL.classpath" value="C:\Users\ShuKalx\GlassFish_Server\javadb\lib\derby.jar;C:\Users\ShuKalx\GlassFish_Server\javadb\lib\derbyclient.jar;C:\Users\ShuKalx\GlassFish_Server\javadb\lib\derbynet.jar" />
    <property name="netbeans.importclass" value="org.netbeans.upgrade.AutoUpgrade" />
    <property name="netbeans.autoupdate.version" value="1.23" />
    <property name="empty.dir" value="C:\Users\ShuKalx\Desktop\INTEGRADOR\WebEnglishHouseIntegrador_AVANCE2\build\empty" />
    <property name="netbeans.user" value="C:\Users\ShuKalx\AppData\Roaming\NetBeans\12.5" />
    <property name="file.separator" value="\" />
    <property name="line.separator" value="&#xd;&#xa;" />
    <property name="javadoc.additionalparam" value="" />
    <property name="libs.spring-webmvc5.0.classpath" value="C:\Program Files\NetBeans-12.5\netbeans\java\modules\ext\spring-5\spring-webmvc-5.2.9.RELEASE.jar" />
    <property name="libs.hibernate4-support.classpath" value="C:/Users/ShuKalx/Desktop/INTEGRADOR/WebEnglishHouseIntegrador_AVANCE2/lib/hibernate4-support/antlr-2.7.7.jar;C:/Users/ShuKalx/Desktop/INTEGRADOR/WebEnglishHouseIntegrador_AVANCE2/lib/hibernate4-support/c3p0-0.9.2.1.jar;C:/Users/ShuKalx/Desktop/INTEGRADOR/WebEnglishHouseIntegrador_AVANCE2/lib/hibernate4-support/hibernate-c3p0-4.3.1.Final.jar;C:/Users/ShuKalx/Desktop/INTEGRADOR/WebEnglishHouseIntegrador_AVANCE2/lib/hibernate4-support/mchange-commons-java-0.2.3.4.jar;C:/Users/ShuKalx/Desktop/INTEGRADOR/WebEnglishHouseIntegrador_AVANCE2/lib/hibernate4-support/dom4j-1.6.1.jar;C:/Users/ShuKalx/Desktop/INTEGRADOR/WebEnglishHouseIntegrador_AVANCE2/lib/hibernate4-support/ehcache-core-2.4.3.jar;C:/Users/ShuKalx/Desktop/INTEGRADOR/WebEnglishHouseIntegrador_AVANCE2/lib/hibernate4-support/hibernate-ehcache-4.3.1.Final.jar;C:/Users/ShuKalx/Desktop/INTEGRADOR/WebEnglishHouseIntegrador_AVANCE2/lib/hibernate4-support/hibernate-core-4.3.1.Final.jar;C:/Users/ShuKalx/Desktop/INTEGRADOR/WebEnglishHouseIntegrador_AVANCE2/lib/hibernate4-support/jboss-logging-3.1.3.GA.jar;C:/Users/ShuKalx/Desktop/INTEGRADOR/WebEnglishHouseIntegrador_AVANCE2/lib/hibernate4-support/hibernate-commons-annotations-4.0.4.Final.jar;C:/Users/ShuKalx/Desktop/INTEGRADOR/WebEnglishHouseIntegrador_AVANCE2/lib/hibernate4-support/hibernate-entitymanager-4.3.1.Final.jar;C:/Users/ShuKalx/Desktop/INTEGRADOR/WebEnglishHouseIntegrador_AVANCE2/lib/hibernate4-support/javassist-3.18.1-GA.jar;C:/Users/ShuKalx/Desktop/INTEGRADOR/WebEnglishHouseIntegrador_AVANCE2/lib/hibernate4-support/jboss-transaction-api_1.2_spec-1.0.0.Final.jar;C:/Users/ShuKalx/Desktop/INTEGRADOR/WebEnglishHouseIntegrador_AVANCE2/lib/hibernate4-support/slf4j-api-1.6.1.jar;C:/Users/ShuKalx/Desktop/INTEGRADOR/WebEnglishHouseIntegrador_AVANCE2/lib/hibernate4-support/slf4j-simple-1.6.1.jar" />
    <property name="libs.restlib.maven-pom" value="" />
    <property name="javac.debug" value="true" />
    <property name="libs.testng.classpath" value="C:\Program Files\NetBeans-12.5\netbeans\platform\modules\ext\testng-6.14.3.jar;C:\Program Files\NetBeans-12.5\netbeans\platform\modules\ext\jcommander-1.78.jar" />
    <property name="libs.jsp-compiler.src" value="" />
    <property name="libs.Java-EE-GlassFish-v3-Prelude.src" value="" />
    <property name="user.name" value="ShuKalx" />
    <property name="build.classes.dir" value="build/web/WEB-INF/classes" />
    <property name="javadoc.windowtitle" value="" />
    <property name="nb.junit.single" value="false" />
    <property name="nb.internal.action.name" value="test" />
    <property name="libs.javaee-api-8.0.maven-pom" value="" />
    <property name="runmain.jvmargs" value="" />
    <property name="libs.jaxws21.src" value="" />
    <property name="libs.jakartaee-web-api-9.0.javadoc" value="C:\Program Files\NetBeans-12.5\netbeans\enterprise\docs\jakartaee9-doc-api.jar" />
    <property name="jna.loaded" value="true" />
    <property name="libs.junit_5.maven-pom" value="" />
    <property name="libs.jpa20-persistence.javadoc" value="C:\Program Files\NetBeans-12.5\netbeans\java\modules\ext\docs\javax.persistence-2.2.1-doc.zip" />
    <property name="ant.junit.enabletestlistenerevents" value="true" />
    <property name="libs.JWSAntTasks.src" value="" />
    <property name="libs.spring-webmvc3.0.src" value="" />
    <property name="ant.home" value="C:\Program Files\NetBeans-12.5\netbeans\extide\ant" />
    <property name="debug.test.classpath" value="C:/Users/ShuKalx/Desktop/INTEGRADOR/WebEnglishHouseIntegrador_AVANCE2/lib/spring-framework300/org-apache-commons-logging.jar;C:/Users/ShuKalx/Desktop/INTEGRADOR/WebEnglishHouseIntegrador_AVANCE2/lib/spring-framework300/cglib-2.2.jar;C:/Users/ShuKalx/Desktop/INTEGRADOR/WebEnglishHouseIntegrador_AVANCE2/lib/spring-framework300/spring-aop-3.2.7.RELEASE.jar;C:/Users/ShuKalx/Desktop/INTEGRADOR/WebEnglishHouseIntegrador_AVANCE2/lib/spring-framework300/spring-aspects-3.2.7.RELEASE.jar;C:/Users/ShuKalx/Desktop/INTEGRADOR/WebEnglishHouseIntegrador_AVANCE2/lib/spring-framework300/spring-beans-3.2.7.RELEASE.jar;C:/Users/ShuKalx/Desktop/INTEGRADOR/WebEnglishHouseIntegrador_AVANCE2/lib/spring-framework300/spring-build-src-3.2.7.RELEASE.jar;C:/Users/ShuKalx/Desktop/INTEGRADOR/WebEnglishHouseIntegrador_AVANCE2/lib/spring-framework300/spring-context-3.2.7.RELEASE.jar;C:/Users/ShuKalx/Desktop/INTEGRADOR/WebEnglishHouseIntegrador_AVANCE2/lib/spring-framework300/spring-context-support-3.2.7.RELEASE.jar;C:/Users/ShuKalx/Desktop/INTEGRADOR/WebEnglishHouseIntegrador_AVANCE2/lib/spring-framework300/spring-core-3.2.7.RELEASE.jar;C:/Users/ShuKalx/Desktop/INTEGRADOR/WebEnglishHouseIntegrador_AVANCE2/lib/spring-framework300/spring-expression-3.2.7.RELEASE.jar;C:/Users/ShuKalx/Desktop/INTEGRADOR/WebEnglishHouseIntegrador_AVANCE2/lib/spring-framework300/spring-framework-bom-3.2.7.RELEASE.jar;C:/Users/ShuKalx/Desktop/INTEGRADOR/WebEnglishHouseIntegrador_AVANCE2/lib/spring-framework300/spring-instrument-3.2.7.RELEASE.jar;C:/Users/ShuKalx/Desktop/INTEGRADOR/WebEnglishHouseIntegrador_AVANCE2/lib/spring-framework300/spring-instrument-tomcat-3.2.7.RELEASE.jar;C:/Users/ShuKalx/Desktop/INTEGRADOR/WebEnglishHouseIntegrador_AVANCE2/lib/spring-framework300/spring-jdbc-3.2.7.RELEASE.jar;C:/Users/ShuKalx/Desktop/INTEGRADOR/WebEnglishHouseIntegrador_AVANCE2/lib/spring-framework300/spring-jms-3.2.7.RELEASE.jar;C:/Users/ShuKalx/Desktop/INTEGRADOR/WebEnglishHouseIntegrador_AVANCE2/lib/spring-framework300/spring-orm-3.2.7.RELEASE.jar;C:/Users/ShuKalx/Desktop/INTEGRADOR/WebEnglishHouseIntegrador_AVANCE2/lib/spring-framework300/spring-oxm-3.2.7.RELEASE.jar;C:/Users/ShuKalx/Desktop/INTEGRADOR/WebEnglishHouseIntegrador_AVANCE2/lib/spring-framework300/spring-struts-3.2.7.RELEASE.jar;C:/Users/ShuKalx/Desktop/INTEGRADOR/WebEnglishHouseIntegrador_AVANCE2/lib/spring-framework300/spring-test-3.2.7.RELEASE.jar;C:/Users/ShuKalx/Desktop/INTEGRADOR/WebEnglishHouseIntegrador_AVANCE2/lib/spring-framework300/spring-tx-3.2.7.RELEASE.jar;C:/Users/ShuKalx/Desktop/INTEGRADOR/WebEnglishHouseIntegrador_AVANCE2/lib/spring-framework300/spring-web-3.2.7.RELEASE.jar;C:/Users/ShuKalx/Desktop/INTEGRADOR/WebEnglishHouseIntegrador_AVANCE2/lib/spring-framework300/spring-webmvc-3.2.7.RELEASE.jar;C:/Users/ShuKalx/Desktop/INTEGRADOR/WebEnglishHouseIntegrador_AVANCE2/lib/spring-framework300/spring-webmvc-portlet-3.2.7.RELEASE.jar:C:/Users/ShuKalx/Desktop/INTEGRADOR/WebEnglishHouseIntegrador_AVANCE2/lib/struts/antlr-2.7.2.jar;C:/Users/ShuKalx/Desktop/INTEGRADOR/WebEnglishHouseIntegrador_AVANCE2/lib/struts/bsf-2.3.0.jar;C:/Users/ShuKalx/Desktop/INTEGRADOR/WebEnglishHouseIntegrador_AVANCE2/lib/struts/commons-beanutils-1.8.0.jar;C:/Users/ShuKalx/Desktop/INTEGRADOR/WebEnglishHouseIntegrador_AVANCE2/lib/struts/commons-chain-1.2.jar;C:/Users/ShuKalx/Desktop/INTEGRADOR/WebEnglishHouseIntegrador_AVANCE2/lib/struts/commons-digester-1.8.jar;C:/Users/ShuKalx/Desktop/INTEGRADOR/WebEnglishHouseIntegrador_AVANCE2/lib/struts/commons-fileupload-1.1.1.jar;C:/Users/ShuKalx/Desktop/INTEGRADOR/WebEnglishHouseIntegrador_AVANCE2/lib/struts/commons-io-1.1.jar;C:/Users/ShuKalx/Desktop/INTEGRADOR/WebEnglishHouseIntegrador_AVANCE2/lib/struts/commons-logging-1.0.4.jar;C:/Users/ShuKalx/Desktop/INTEGRADOR/WebEnglishHouseIntegrador_AVANCE2/lib/struts/commons-validator-1.3.1.jar;C:/Users/ShuKalx/Desktop/INTEGRADOR/WebEnglishHouseIntegrador_AVANCE2/lib/struts/jstl-1.0.2.jar;C:/Users/ShuKalx/Desktop/INTEGRADOR/WebEnglishHouseIntegrador_AVANCE2/lib/struts/oro-2.0.8.jar;C:/Users/ShuKalx/Desktop/INTEGRADOR/WebEnglishHouseIntegrador_AVANCE2/lib/struts/standard-1.0.6.jar;C:/Users/ShuKalx/Desktop/INTEGRADOR/WebEnglishHouseIntegrador_AVANCE2/lib/struts/struts-core-1.3.10.jar;C:/Users/ShuKalx/Desktop/INTEGRADOR/WebEnglishHouseIntegrador_AVANCE2/lib/struts/struts-el-1.3.10.jar;C:/Users/ShuKalx/Desktop/INTEGRADOR/WebEnglishHouseIntegrador_AVANCE2/lib/struts/struts-extras-1.3.10.jar;C:/Users/ShuKalx/Desktop/INTEGRADOR/WebEnglishHouseIntegrador_AVANCE2/lib/struts/struts-faces-1.3.10.jar;C:/Users/ShuKalx/Desktop/INTEGRADOR/WebEnglishHouseIntegrador_AVANCE2/lib/struts/struts-mailreader-dao-1.3.10.jar;C:/Users/ShuKalx/Desktop/INTEGRADOR/WebEnglishHouseIntegrador_AVANCE2/lib/struts/struts-scripting-1.3.10.jar;C:/Users/ShuKalx/Desktop/INTEGRADOR/WebEnglishHouseIntegrador_AVANCE2/lib/struts/struts-taglib-1.3.10.jar;C:/Users/ShuKalx/Desktop/INTEGRADOR/WebEnglishHouseIntegrador_AVANCE2/lib/struts/struts-tiles-1.3.10.jar:C:/Users/ShuKalx/Desktop/INTEGRADOR/WebEnglishHouseIntegrador_AVANCE2/lib/hibernate4-support/antlr-2.7.7.jar;C:/Users/ShuKalx/Desktop/INTEGRADOR/WebEnglishHouseIntegrador_AVANCE2/lib/hibernate4-support/c3p0-0.9.2.1.jar;C:/Users/ShuKalx/Desktop/INTEGRADOR/WebEnglishHouseIntegrador_AVANCE2/lib/hibernate4-support/hibernate-c3p0-4.3.1.Final.jar;C:/Users/ShuKalx/Desktop/INTEGRADOR/WebEnglishHouseIntegrador_AVANCE2/lib/hibernate4-support/mchange-commons-java-0.2.3.4.jar;C:/Users/ShuKalx/Desktop/INTEGRADOR/WebEnglishHouseIntegrador_AVANCE2/lib/hibernate4-support/dom4j-1.6.1.jar;C:/Users/ShuKalx/Desktop/INTEGRADOR/WebEnglishHouseIntegrador_AVANCE2/lib/hibernate4-support/ehcache-core-2.4.3.jar;C:/Users/ShuKalx/Desktop/INTEGRADOR/WebEnglishHouseIntegrador_AVANCE2/lib/hibernate4-support/hibernate-ehcache-4.3.1.Final.jar;C:/Users/ShuKalx/Desktop/INTEGRADOR/WebEnglishHouseIntegrador_AVANCE2/lib/hibernate4-support/hibernate-core-4.3.1.Final.jar;C:/Users/ShuKalx/Desktop/INTEGRADOR/WebEnglishHouseIntegrador_AVANCE2/lib/hibernate4-support/jboss-logging-3.1.3.GA.jar;C:/Users/ShuKalx/Desktop/INTEGRADOR/WebEnglishHouseIntegrador_AVANCE2/lib/hibernate4-support/hibernate-commons-annotations-4.0.4.Final.jar;C:/Users/ShuKalx/Desktop/INTEGRADOR/WebEnglishHouseIntegrador_AVANCE2/lib/hibernate4-support/hibernate-entitymanager-4.3.1.Final.jar;C:/Users/ShuKalx/Desktop/INTEGRADOR/WebEnglishHouseIntegrador_AVANCE2/lib/hibernate4-support/javassist-3.18.1-GA.jar;C:/Users/ShuKalx/Desktop/INTEGRADOR/WebEnglishHouseIntegrador_AVANCE2/lib/hibernate4-support/jboss-transaction-api_1.2_spec-1.0.0.Final.jar;C:/Users/ShuKalx/Desktop/INTEGRADOR/WebEnglishHouseIntegrador_AVANCE2/lib/hibernate4-support/slf4j-api-1.6.1.jar;C:/Users/ShuKalx/Desktop/INTEGRADOR/WebEnglishHouseIntegrador_AVANCE2/lib/hibernate4-support/slf4j-simple-1.6.1.jar:C:/Users/ShuKalx/Desktop/INTEGRADOR/WebEnglishHouseIntegrador_AVANCE2/lib/jpa2-persistence/hibernate-jpa-2.1-api-1.0.0.Final.jar:lib/derbyclient.jar:lib/derby.jar:lib/derbyclient-10.1.2.1.jar:lib/sqljdbc_12.2.0.0_enu.zip:lib/mysql-connector-java-commercial-5.1.7-bin.jar:build/web/WEB-INF/classes:C:/Users/ShuKalx/Desktop/INTEGRADOR/WebEnglishHouseIntegrador_AVANCE2/lib/junit_4/junit-4.13.2.jar:C:/Users/ShuKalx/Desktop/INTEGRADOR/WebEnglishHouseIntegrador_AVANCE2/lib/junit_5/junit-jupiter-api-5.6.0.jar;C:/Users/ShuKalx/Desktop/INTEGRADOR/WebEnglishHouseIntegrador_AVANCE2/lib/junit_5/junit-jupiter-params-5.6.0.jar;C:/Users/ShuKalx/Desktop/INTEGRADOR/WebEnglishHouseIntegrador_AVANCE2/lib/junit_5/junit-jupiter-engine-5.6.0.jar:build/test/classes" />
    <property name="have.tests" value="true" />
    <property name="testng.debug.mode" value="" />
    <property name="javac.target" value="1.8" />
    <property name="ant.version" value="Apache Ant(TM) version 1.10.8 compiled on May 10 2020" />
    <property name="libs.EclipseLink-GlassFish-v3.javadoc" value="C:\Program Files\NetBeans-12.5\netbeans\enterprise\docs\javaee-doc-api.jar" />
    <property name="libraries.dir" value="C:/Users/ShuKalx/Desktop/INTEGRADOR/WebEnglishHouseIntegrador_AVANCE2/lib" />
    <property name="libs.absolutelayout.maven-pom" value="" />
    <property name="libs.spring-framework500.src" value="" />
    <property name="libs.javaee-api-6.0.src" value="" />
    <property name="user.properties.file" value="C:\Users\ShuKalx\AppData\Roaming\NetBeans\12.5\build.properties" />
    <property name="libs.EclipseLink-GlassFish-v3.maven-pom" value="" />
    <property name="netbeans.autoupdate.country" value="PE" />
    <property name="nb.wait.for.caches" value="true" />
    <property name="persistence.xml.dir" value="src/conf" />
    <property name="java.class.path" value="C:\Program Files\NetBeans-12.5\netbeans\platform\lib\boot.jar;C:\Program Files\NetBeans-12.5\netbeans\platform\lib\org-openide-modules.jar;C:\Program Files\NetBeans-12.5\netbeans\platform\lib\org-openide-util-lookup.jar;C:\Program Files\NetBeans-12.5\netbeans\platform\lib\org-openide-util-ui.jar;C:\Program Files\NetBeans-12.5\netbeans\platform\lib\org-openide-util.jar" />
    <property name="libs.javaee-web-api-6.0.maven-pom" value="" />
    <property name="java.vm.vendor" value="Oracle Corporation" />
    <property name="ap.supported.internal" value="true" />
    <property name="user.variant" value="" />
    <property name="conf.dir" value="src/conf" />
    <property name="netbeans.home+have.tests" value="true" />
    <property name="test.binaryexcludes" value="" />
    <property name="javac.compilerargs" value="" />
    <property name="libs.jstl.maven-pom" value="" />
    <property name="libs.jakartaee-web-api-8.0.src" value="" />
    <property name="has.custom.manifest" value="true" />
    <property name="sun.cpu.endian" value="little" />
    <property name="libs.junit_4.src" value="C:/Users/ShuKalx/Desktop/INTEGRADOR/WebEnglishHouseIntegrador_AVANCE2/lib/junit_4/junit-4.13.2-sources.jar" />
    <property name="libs.jakartaee-api-9.0.src" value="" />
    <property name="user.language" value="es" />
    <property name="resource.dir" value="setup" />
    <property name="maven.defaultProjectBuilder.disableGlobalModelCache" value="true" />
    <property name="libs.javaee-web-api-6.0.src" value="" />
    <property name="javadoc.nonavbar" value="false" />
    <property name="libs.javaee-api-8.0.src" value="" />
    <property name="ant.java.version" value="17" />
    <property name="libs.junit_4.classpath" value="C:/Users/ShuKalx/Desktop/INTEGRADOR/WebEnglishHouseIntegrador_AVANCE2/lib/junit_4/junit-4.13.2.jar" />
    <property name="libs.jakartaee-api-9.0.javadoc" value="C:\Program Files\NetBeans-12.5\netbeans\enterprise\docs\jakartaee9-doc-api.jar" />
    <property name="libs.EclipseLink-GlassFish-v3.classpath" value="C:\Users\ShuKalx\GlassFish_Server\glassfish\modules\org.eclipse.persistence.asm.jar;C:\Users\ShuKalx\GlassFish_Server\glassfish\modules\org.eclipse.persistence.core.jar;C:\Users\ShuKalx\GlassFish_Server\glassfish\modules\org.eclipse.persistence.dbws.jar;C:\Users\ShuKalx\GlassFish_Server\glassfish\modules\org.eclipse.persistence.jpa.jar;C:\Users\ShuKalx\GlassFish_Server\glassfish\modules\org.eclipse.persistence.jpa.jpql.jar;C:\Users\ShuKalx\GlassFish_Server\glassfish\modules\org.eclipse.persistence.jpa.modelgen.processor.jar;C:\Users\ShuKalx\GlassFish_Server\glassfish\modules\org.eclipse.persistence.moxy.jar;C:\Users\ShuKalx\GlassFish_Server\glassfish\modules\org.eclipse.persistence.oracle.jar" />
    <property name="dist.war" value="dist/WebEnglishHouseIntegrado_Avance3.war" />
    <property name="war.content.additional" value="" />
    <property name="test.binarytestincludes" value="" />
    <property name="sun.awt.keepWorkingSetOnMinimize" value="true" />
    <property name="libs.spring-webmvc5.0.maven-pom" value="" />
    <property name="libs.junit_4.maven-pom" value="" />
    <property name="platforms.Zulu_17.0.6_10.compiler" value="modern" />
    <property name="libs.jsp-compiler.maven-pom" value="" />
    <property name="libs.jakartaee-web-api-8.0.classpath" value="C:\Program Files\NetBeans-12.5\netbeans\enterprise\modules\ext\jakarta.jakartaee-web-api-8.0.0.jar" />
    <property name="javac.classpath" value="C:/Users/ShuKalx/Desktop/INTEGRADOR/WebEnglishHouseIntegrador_AVANCE2/lib/spring-framework300/org-apache-commons-logging.jar;C:/Users/ShuKalx/Desktop/INTEGRADOR/WebEnglishHouseIntegrador_AVANCE2/lib/spring-framework300/cglib-2.2.jar;C:/Users/ShuKalx/Desktop/INTEGRADOR/WebEnglishHouseIntegrador_AVANCE2/lib/spring-framework300/spring-aop-3.2.7.RELEASE.jar;C:/Users/ShuKalx/Desktop/INTEGRADOR/WebEnglishHouseIntegrador_AVANCE2/lib/spring-framework300/spring-aspects-3.2.7.RELEASE.jar;C:/Users/ShuKalx/Desktop/INTEGRADOR/WebEnglishHouseIntegrador_AVANCE2/lib/spring-framework300/spring-beans-3.2.7.RELEASE.jar;C:/Users/ShuKalx/Desktop/INTEGRADOR/WebEnglishHouseIntegrador_AVANCE2/lib/spring-framework300/spring-build-src-3.2.7.RELEASE.jar;C:/Users/ShuKalx/Desktop/INTEGRADOR/WebEnglishHouseIntegrador_AVANCE2/lib/spring-framework300/spring-context-3.2.7.RELEASE.jar;C:/Users/ShuKalx/Desktop/INTEGRADOR/WebEnglishHouseIntegrador_AVANCE2/lib/spring-framework300/spring-context-support-3.2.7.RELEASE.jar;C:/Users/ShuKalx/Desktop/INTEGRADOR/WebEnglishHouseIntegrador_AVANCE2/lib/spring-framework300/spring-core-3.2.7.RELEASE.jar;C:/Users/ShuKalx/Desktop/INTEGRADOR/WebEnglishHouseIntegrador_AVANCE2/lib/spring-framework300/spring-expression-3.2.7.RELEASE.jar;C:/Users/ShuKalx/Desktop/INTEGRADOR/WebEnglishHouseIntegrador_AVANCE2/lib/spring-framework300/spring-framework-bom-3.2.7.RELEASE.jar;C:/Users/ShuKalx/Desktop/INTEGRADOR/WebEnglishHouseIntegrador_AVANCE2/lib/spring-framework300/spring-instrument-3.2.7.RELEASE.jar;C:/Users/ShuKalx/Desktop/INTEGRADOR/WebEnglishHouseIntegrador_AVANCE2/lib/spring-framework300/spring-instrument-tomcat-3.2.7.RELEASE.jar;C:/Users/ShuKalx/Desktop/INTEGRADOR/WebEnglishHouseIntegrador_AVANCE2/lib/spring-framework300/spring-jdbc-3.2.7.RELEASE.jar;C:/Users/ShuKalx/Desktop/INTEGRADOR/WebEnglishHouseIntegrador_AVANCE2/lib/spring-framework300/spring-jms-3.2.7.RELEASE.jar;C:/Users/ShuKalx/Desktop/INTEGRADOR/WebEnglishHouseIntegrador_AVANCE2/lib/spring-framework300/spring-orm-3.2.7.RELEASE.jar;C:/Users/ShuKalx/Desktop/INTEGRADOR/WebEnglishHouseIntegrador_AVANCE2/lib/spring-framework300/spring-oxm-3.2.7.RELEASE.jar;C:/Users/ShuKalx/Desktop/INTEGRADOR/WebEnglishHouseIntegrador_AVANCE2/lib/spring-framework300/spring-struts-3.2.7.RELEASE.jar;C:/Users/ShuKalx/Desktop/INTEGRADOR/WebEnglishHouseIntegrador_AVANCE2/lib/spring-framework300/spring-test-3.2.7.RELEASE.jar;C:/Users/ShuKalx/Desktop/INTEGRADOR/WebEnglishHouseIntegrador_AVANCE2/lib/spring-framework300/spring-tx-3.2.7.RELEASE.jar;C:/Users/ShuKalx/Desktop/INTEGRADOR/WebEnglishHouseIntegrador_AVANCE2/lib/spring-framework300/spring-web-3.2.7.RELEASE.jar;C:/Users/ShuKalx/Desktop/INTEGRADOR/WebEnglishHouseIntegrador_AVANCE2/lib/spring-framework300/spring-webmvc-3.2.7.RELEASE.jar;C:/Users/ShuKalx/Desktop/INTEGRADOR/WebEnglishHouseIntegrador_AVANCE2/lib/spring-framework300/spring-webmvc-portlet-3.2.7.RELEASE.jar:C:/Users/ShuKalx/Desktop/INTEGRADOR/WebEnglishHouseIntegrador_AVANCE2/lib/struts/antlr-2.7.2.jar;C:/Users/ShuKalx/Desktop/INTEGRADOR/WebEnglishHouseIntegrador_AVANCE2/lib/struts/bsf-2.3.0.jar;C:/Users/ShuKalx/Desktop/INTEGRADOR/WebEnglishHouseIntegrador_AVANCE2/lib/struts/commons-beanutils-1.8.0.jar;C:/Users/ShuKalx/Desktop/INTEGRADOR/WebEnglishHouseIntegrador_AVANCE2/lib/struts/commons-chain-1.2.jar;C:/Users/ShuKalx/Desktop/INTEGRADOR/WebEnglishHouseIntegrador_AVANCE2/lib/struts/commons-digester-1.8.jar;C:/Users/ShuKalx/Desktop/INTEGRADOR/WebEnglishHouseIntegrador_AVANCE2/lib/struts/commons-fileupload-1.1.1.jar;C:/Users/ShuKalx/Desktop/INTEGRADOR/WebEnglishHouseIntegrador_AVANCE2/lib/struts/commons-io-1.1.jar;C:/Users/ShuKalx/Desktop/INTEGRADOR/WebEnglishHouseIntegrador_AVANCE2/lib/struts/commons-logging-1.0.4.jar;C:/Users/ShuKalx/Desktop/INTEGRADOR/WebEnglishHouseIntegrador_AVANCE2/lib/struts/commons-validator-1.3.1.jar;C:/Users/ShuKalx/Desktop/INTEGRADOR/WebEnglishHouseIntegrador_AVANCE2/lib/struts/jstl-1.0.2.jar;C:/Users/ShuKalx/Desktop/INTEGRADOR/WebEnglishHouseIntegrador_AVANCE2/lib/struts/oro-2.0.8.jar;C:/Users/ShuKalx/Desktop/INTEGRADOR/WebEnglishHouseIntegrador_AVANCE2/lib/struts/standard-1.0.6.jar;C:/Users/ShuKalx/Desktop/INTEGRADOR/WebEnglishHouseIntegrador_AVANCE2/lib/struts/struts-core-1.3.10.jar;C:/Users/ShuKalx/Desktop/INTEGRADOR/WebEnglishHouseIntegrador_AVANCE2/lib/struts/struts-el-1.3.10.jar;C:/Users/ShuKalx/Desktop/INTEGRADOR/WebEnglishHouseIntegrador_AVANCE2/lib/struts/struts-extras-1.3.10.jar;C:/Users/ShuKalx/Desktop/INTEGRADOR/WebEnglishHouseIntegrador_AVANCE2/lib/struts/struts-faces-1.3.10.jar;C:/Users/ShuKalx/Desktop/INTEGRADOR/WebEnglishHouseIntegrador_AVANCE2/lib/struts/struts-mailreader-dao-1.3.10.jar;C:/Users/ShuKalx/Desktop/INTEGRADOR/WebEnglishHouseIntegrador_AVANCE2/lib/struts/struts-scripting-1.3.10.jar;C:/Users/ShuKalx/Desktop/INTEGRADOR/WebEnglishHouseIntegrador_AVANCE2/lib/struts/struts-taglib-1.3.10.jar;C:/Users/ShuKalx/Desktop/INTEGRADOR/WebEnglishHouseIntegrador_AVANCE2/lib/struts/struts-tiles-1.3.10.jar:C:/Users/ShuKalx/Desktop/INTEGRADOR/WebEnglishHouseIntegrador_AVANCE2/lib/hibernate4-support/antlr-2.7.7.jar;C:/Users/ShuKalx/Desktop/INTEGRADOR/WebEnglishHouseIntegrador_AVANCE2/lib/hibernate4-support/c3p0-0.9.2.1.jar;C:/Users/ShuKalx/Desktop/INTEGRADOR/WebEnglishHouseIntegrador_AVANCE2/lib/hibernate4-support/hibernate-c3p0-4.3.1.Final.jar;C:/Users/ShuKalx/Desktop/INTEGRADOR/WebEnglishHouseIntegrador_AVANCE2/lib/hibernate4-support/mchange-commons-java-0.2.3.4.jar;C:/Users/ShuKalx/Desktop/INTEGRADOR/WebEnglishHouseIntegrador_AVANCE2/lib/hibernate4-support/dom4j-1.6.1.jar;C:/Users/ShuKalx/Desktop/INTEGRADOR/WebEnglishHouseIntegrador_AVANCE2/lib/hibernate4-support/ehcache-core-2.4.3.jar;C:/Users/ShuKalx/Desktop/INTEGRADOR/WebEnglishHouseIntegrador_AVANCE2/lib/hibernate4-support/hibernate-ehcache-4.3.1.Final.jar;C:/Users/ShuKalx/Desktop/INTEGRADOR/WebEnglishHouseIntegrador_AVANCE2/lib/hibernate4-support/hibernate-core-4.3.1.Final.jar;C:/Users/ShuKalx/Desktop/INTEGRADOR/WebEnglishHouseIntegrador_AVANCE2/lib/hibernate4-support/jboss-logging-3.1.3.GA.jar;C:/Users/ShuKalx/Desktop/INTEGRADOR/WebEnglishHouseIntegrador_AVANCE2/lib/hibernate4-support/hibernate-commons-annotations-4.0.4.Final.jar;C:/Users/ShuKalx/Desktop/INTEGRADOR/WebEnglishHouseIntegrador_AVANCE2/lib/hibernate4-support/hibernate-entitymanager-4.3.1.Final.jar;C:/Users/ShuKalx/Desktop/INTEGRADOR/WebEnglishHouseIntegrador_AVANCE2/lib/hibernate4-support/javassist-3.18.1-GA.jar;C:/Users/ShuKalx/Desktop/INTEGRADOR/WebEnglishHouseIntegrador_AVANCE2/lib/hibernate4-support/jboss-transaction-api_1.2_spec-1.0.0.Final.jar;C:/Users/ShuKalx/Desktop/INTEGRADOR/WebEnglishHouseIntegrador_AVANCE2/lib/hibernate4-support/slf4j-api-1.6.1.jar;C:/Users/ShuKalx/Desktop/INTEGRADOR/WebEnglishHouseIntegrador_AVANCE2/lib/hibernate4-support/slf4j-simple-1.6.1.jar:C:/Users/ShuKalx/Desktop/INTEGRADOR/WebEnglishHouseIntegrador_AVANCE2/lib/jpa2-persistence/hibernate-jpa-2.1-api-1.0.0.Final.jar:lib/derbyclient.jar:lib/derby.jar:lib/derbyclient-10.1.2.1.jar:lib/sqljdbc_12.2.0.0_enu.zip:lib/mysql-connector-java-commercial-5.1.7-bin.jar" />
    <property name="nb.junit.batch" value="true" />
    <property name="libs.JAVADB_DRIVER_LABEL.maven-pom" value="" />
    <property name="libs.jpa2-persistence.javadoc" value="C:/Users/ShuKalx/Desktop/INTEGRADOR/WebEnglishHouseIntegrador_AVANCE2/lib/jpa2-persistence/javax.persistence-2.1.0-doc.zip" />
    <property name="build.test.classes.dir" value="build/test/classes" />
    <property name="libs.spring-framework300.maven-pom" value="" />
    <property name="ant.project.invoked-targets" value="test" />
    <property name="libs.jstl.classpath" value="C:\Program Files\NetBeans-12.5\netbeans\enterprise\modules\ext\jstl-impl.jar;C:\Program Files\NetBeans-12.5\netbeans\enterprise\modules\ext\jstl-api.jar" />
    <property name="ap.cmd.line.internal" value="" />
    <property name="client.urlPart" value="" />
    <property name="libs.PostgreSQLDriver.src" value="" />
    <property name="java.vendor.url.bug" value="https://bugreport.java.com/bugreport/" />
    <property name="annotation.processing.source.output" value="build/generated-sources/ap-source-output" />
    <property name="libs.javaee-endorsed-api-6.0.maven-pom" value="" />
    <property name="libs.junit_5.prop-maven-dependencies" value="&#xa;                org.junit.jupiter:junit-jupiter-api:5.6.0:jar&#xa;                org.junit.jupiter:junit-jupiter-params:5.6.0:jar&#xa;                org.junit.jupiter:junit-jupiter-engine:5.6.0:jar&#xa;            " />
    <property name="user.dir" value="C:\Program Files\NetBeans-12.5" />
    <property name="no.dist.ear.dir" value="true" />
    <property name="org.xml.sax.driver" value="com.sun.org.apache.xerces.internal.jaxp.SAXParserImpl$JAXPSAXParser" />
    <property name="libs.jakartaee-web-api-8.0.maven-pom" value="" />
    <property name="libs.eclipselink.src" value="" />
    <property name="libs.jpa2-persistence.classpath" value="C:/Users/ShuKalx/Desktop/INTEGRADOR/WebEnglishHouseIntegrador_AVANCE2/lib/jpa2-persistence/hibernate-jpa-2.1-api-1.0.0.Final.jar" />
    <property name="java.vm.version" value="17.0.6+9-LTS-190" />
    <property name="libs.metro.javadoc" value="C:\Program Files\NetBeans-12.5\netbeans\enterprise\docs\webservices-api-javadoc.jar;C:\Program Files\NetBeans-12.5\netbeans\enterprise\docs\webservices-extra-javadoc.jar;C:\Program Files\NetBeans-12.5\netbeans\enterprise\docs\webservices-extra-api-javadoc.jar;C:\Program Files\NetBeans-12.5\netbeans\enterprise\docs\webservices-rt-javadoc.jar;C:\Program Files\NetBeans-12.5\netbeans\enterprise\docs\webservices-tools-javadoc.jar" />
    <property name="libs.jakartaee-web-api-9.0.src" value="" />
    <property name="sun.awt.datatransfer.timeout" value="1000" />
    <property name="libs.javaee-web-api-7.0.src" value="" />
    <property name="libs.jsp-compiler.classpath" value="C:\Program Files\NetBeans-12.5\netbeans\enterprise\ant\extra\jspcompile.jar" />
    <property name="war.name" value="WebEnglishHouseIntegrado_Avance3.war" />
    <property name="annotation.processing.run.all.processors" value="true" />
    <property name="libs.jakartaee-api-8.0.src" value="" />
    <property name="libs.javaee-endorsed-api-6.0.classpath" value="C:\Program Files\NetBeans-12.5\netbeans\enterprise\modules\ext\javaee6-endorsed\javax.annotation.jar;C:\Program Files\NetBeans-12.5\netbeans\enterprise\modules\ext\javaee6-endorsed\jaxb-api-osgi.jar;C:\Program Files\NetBeans-12.5\netbeans\enterprise\modules\ext\javaee6-endorsed\webservices-api-osgi.jar" />
  </properties>
  <testcase classname="negocio.HorarioTest" name="unknown" time="0.0">
    <error message="Forked Java VM exited abnormally. Please note the time in the report does not reflect the time until the VM exit." type="junit.framework.AssertionFailedError">junit.framework.AssertionFailedError: Forked Java VM exited abnormally. Please note the time in the report does not reflect the time until the VM exit.
	at jdk.internal.reflect.GeneratedMethodAccessor69.invoke(Unknown Source)
	at java.base/jdk.internal.reflect.DelegatingMethodAccessorImpl.invoke(DelegatingMethodAccessorImpl.java:43)
	at java.base/java.util.Vector.forEach(Vector.java:1365)
	at jdk.internal.reflect.GeneratedMethodAccessor69.invoke(Unknown Source)
	at java.base/jdk.internal.reflect.DelegatingMethodAccessorImpl.invoke(DelegatingMethodAccessorImpl.java:43)
	at jdk.internal.reflect.GeneratedMethodAccessor69.invoke(Unknown Source)
	at java.base/jdk.internal.reflect.DelegatingMethodAccessorImpl.invoke(DelegatingMethodAccessorImpl.java:43)
	at java.base/java.util.Vector.forEach(Vector.java:1365)
	at jdk.internal.reflect.GeneratedMethodAccessor69.invoke(Unknown Source)
	at java.base/jdk.internal.reflect.DelegatingMethodAccessorImpl.invoke(DelegatingMethodAccessorImpl.java:43)
	at jdk.internal.reflect.GeneratedMethodAccessor69.invoke(Unknown Source)
	at java.base/jdk.internal.reflect.DelegatingMethodAccessorImpl.invoke(DelegatingMethodAccessorImpl.java:43)
	at java.base/java.util.Vector.forEach(Vector.java:1365)
	at jdk.internal.reflect.GeneratedMethodAccessor69.invoke(Unknown Source)
	at java.base/jdk.internal.reflect.DelegatingMethodAccessorImpl.invoke(DelegatingMethodAccessorImpl.java:43)
	at jdk.internal.reflect.GeneratedMethodAccessor69.invoke(Unknown Source)
	at java.base/jdk.internal.reflect.DelegatingMethodAccessorImpl.invoke(DelegatingMethodAccessorImpl.java:43)
	at org.netbeans.core.execution.RunClassThread.doRun(RunClassThread.java:132)
	at org.netbeans.modules.openide.util.GlobalLookup.execute(GlobalLookup.java:45)
	at org.openide.util.lookup.Lookups.executeWith(Lookups.java:278)
	at org.netbeans.core.execution.RunClassThread.run(RunClassThread.java:81)
</error>
  </testcase>
</testsuite>
